2020-02-25 02:42:42,400+0000 INFO  [FelixStartLevel]  *SYSTEM org.sonatype.nexus.pax.logging.NexusLogActivator - start
2020-02-25 02:42:47,276+0000 INFO  [FelixStartLevel]  *SYSTEM org.sonatype.nexus.features.internal.FeaturesWrapper - Fast FeaturesService starting
2020-02-25 02:42:54,379+0000 WARN  [FelixStartLevel]  *SYSTEM uk.org.lidalia.sysoutslf4j.context.SysOutOverSLF4JInitialiser - Your logging framework class org.ops4j.pax.logging.slf4j.Slf4jLogger is not known - if it needs access to the standard println methods on the console you will need to register it by calling registerLoggingSystemPackage
2020-02-25 02:42:54,381+0000 INFO  [FelixStartLevel]  *SYSTEM uk.org.lidalia.sysoutslf4j.context.SysOutOverSLF4J - Package org.ops4j.pax.logging.slf4j registered; all classes within it or subpackages of it will be allowed to print to System.out and System.err
2020-02-25 02:42:54,385+0000 INFO  [FelixStartLevel]  *SYSTEM uk.org.lidalia.sysoutslf4j.context.SysOutOverSLF4J - Replaced standard System.out and System.err PrintStreams with SLF4JPrintStreams
2020-02-25 02:42:54,387+0000 INFO  [FelixStartLevel]  *SYSTEM uk.org.lidalia.sysoutslf4j.context.SysOutOverSLF4J - Redirected System.out and System.err to SLF4J for this context
2020-02-25 02:42:54,550+0000 INFO  [FelixStartLevel]  *SYSTEM org.sonatype.nexus.bootstrap.ConfigurationBuilder - Properties:
2020-02-25 02:42:54,552+0000 INFO  [FelixStartLevel]  *SYSTEM org.sonatype.nexus.bootstrap.ConfigurationBuilder -   application-host='0.0.0.0'
2020-02-25 02:42:54,553+0000 INFO  [FelixStartLevel]  *SYSTEM org.sonatype.nexus.bootstrap.ConfigurationBuilder -   application-port='8081'
2020-02-25 02:42:54,554+0000 INFO  [FelixStartLevel]  *SYSTEM org.sonatype.nexus.bootstrap.ConfigurationBuilder -   fabric.etc='/opt/sonatype/nexus/etc/fabric'
2020-02-25 02:42:54,555+0000 INFO  [FelixStartLevel]  *SYSTEM org.sonatype.nexus.bootstrap.ConfigurationBuilder -   jetty.etc='/opt/sonatype/nexus/etc/jetty'
2020-02-25 02:42:54,556+0000 INFO  [FelixStartLevel]  *SYSTEM org.sonatype.nexus.bootstrap.ConfigurationBuilder -   karaf.base='/opt/sonatype/nexus'
2020-02-25 02:42:54,557+0000 INFO  [FelixStartLevel]  *SYSTEM org.sonatype.nexus.bootstrap.ConfigurationBuilder -   karaf.data='/nexus-data'
2020-02-25 02:42:54,557+0000 INFO  [FelixStartLevel]  *SYSTEM org.sonatype.nexus.bootstrap.ConfigurationBuilder -   karaf.etc='/opt/sonatype/nexus/etc/karaf'
2020-02-25 02:42:54,557+0000 INFO  [FelixStartLevel]  *SYSTEM org.sonatype.nexus.bootstrap.ConfigurationBuilder -   karaf.home='/opt/sonatype/nexus'
2020-02-25 02:42:54,558+0000 INFO  [FelixStartLevel]  *SYSTEM org.sonatype.nexus.bootstrap.ConfigurationBuilder -   karaf.instances='/nexus-data/instances'
2020-02-25 02:42:54,558+0000 INFO  [FelixStartLevel]  *SYSTEM org.sonatype.nexus.bootstrap.ConfigurationBuilder -   logback.etc='/opt/sonatype/nexus/etc/logback'
2020-02-25 02:42:54,558+0000 INFO  [FelixStartLevel]  *SYSTEM org.sonatype.nexus.bootstrap.ConfigurationBuilder -   nexus-args='/opt/sonatype/nexus/etc/jetty/jetty.xml,/opt/sonatype/nexus/etc/jetty/jetty-http.xml,/opt/sonatype/nexus/etc/jetty/jetty-requestlog.xml'
2020-02-25 02:42:54,559+0000 INFO  [FelixStartLevel]  *SYSTEM org.sonatype.nexus.bootstrap.ConfigurationBuilder -   nexus-context-path='/'
2020-02-25 02:42:54,559+0000 INFO  [FelixStartLevel]  *SYSTEM org.sonatype.nexus.bootstrap.ConfigurationBuilder -   nexus-edition='nexus-pro-edition'
2020-02-25 02:42:54,560+0000 INFO  [FelixStartLevel]  *SYSTEM org.sonatype.nexus.bootstrap.ConfigurationBuilder -   nexus-features='nexus-pro-feature'
2020-02-25 02:42:54,560+0000 INFO  [FelixStartLevel]  *SYSTEM org.sonatype.nexus.bootstrap.ConfigurationBuilder -   nexus.clustered='false'
2020-02-25 02:42:54,560+0000 INFO  [FelixStartLevel]  *SYSTEM org.sonatype.nexus.bootstrap.ConfigurationBuilder -   ssl.etc='/opt/sonatype/nexus/etc/ssl'
2020-02-25 02:42:54,561+0000 INFO  [FelixStartLevel]  *SYSTEM org.sonatype.nexus.bootstrap.Launcher - Java: 1.8.0_242, OpenJDK 64-Bit Server VM, Oracle Corporation, 25.242-b08
2020-02-25 02:42:54,561+0000 INFO  [FelixStartLevel]  *SYSTEM org.sonatype.nexus.bootstrap.Launcher - OS: Linux, 5.3.0-40-generic, amd64
2020-02-25 02:42:54,562+0000 INFO  [FelixStartLevel]  *SYSTEM org.sonatype.nexus.bootstrap.Launcher - User: nexus, en, /opt/sonatype/nexus
2020-02-25 02:42:54,562+0000 INFO  [FelixStartLevel]  *SYSTEM org.sonatype.nexus.bootstrap.Launcher - CWD: /opt/sonatype/nexus
2020-02-25 02:42:54,566+0000 INFO  [FelixStartLevel]  *SYSTEM org.sonatype.nexus.bootstrap.Launcher - TMP: /nexus-data/tmp
2020-02-25 02:42:54,570+0000 INFO  [FelixStartLevel]  *SYSTEM org.sonatype.nexus.bootstrap.jetty.JettyServer - Starting
2020-02-25 02:42:54,912+0000 INFO  [FelixStartLevel]  *SYSTEM org.eclipse.jetty.util.log - Logging initialized @52380ms to org.eclipse.jetty.util.log.Slf4jLog
2020-02-25 02:42:55,065+0000 INFO  [FelixStartLevel]  *SYSTEM org.sonatype.nexus.bootstrap.jetty.JettyServer - Applying configuration: file:/opt/sonatype/nexus/etc/jetty/jetty.xml
2020-02-25 02:42:56,839+0000 INFO  [FelixStartLevel]  *SYSTEM org.sonatype.nexus.bootstrap.jetty.JettyServer - Applying configuration: file:/opt/sonatype/nexus/etc/jetty/jetty-http.xml
2020-02-25 02:42:56,994+0000 WARN  [FelixStartLevel]  *SYSTEM org.eclipse.jetty.server.AbstractConnector - Ignoring deprecated socket close linger time
2020-02-25 02:42:56,995+0000 INFO  [FelixStartLevel]  *SYSTEM org.sonatype.nexus.bootstrap.jetty.JettyServer - Applying configuration: file:/opt/sonatype/nexus/etc/jetty/jetty-requestlog.xml
2020-02-25 02:42:57,276+0000 INFO  [jetty-main-1]  *SYSTEM org.sonatype.nexus.bootstrap.jetty.JettyServer - Starting: Server@5a0fd285{STOPPED}[9.4.18.v20190429]
2020-02-25 02:42:57,283+0000 INFO  [jetty-main-1]  *SYSTEM org.eclipse.jetty.server.Server - jetty-9.4.18.v20190429; built: 2019-04-29T20:42:08.989Z; git: e1bc35120a6617ee3df052294e433f3a25ce7097; jvm 1.8.0_242-b08
2020-02-25 02:42:57,687+0000 INFO  [jetty-main-1]  *SYSTEM org.eclipse.jetty.server.session - DefaultSessionIdManager workerName=node0
2020-02-25 02:42:57,688+0000 INFO  [jetty-main-1]  *SYSTEM org.eclipse.jetty.server.session - No SessionScavenger set, using defaults
2020-02-25 02:42:57,689+0000 INFO  [jetty-main-1]  *SYSTEM org.eclipse.jetty.server.session - node0 Scavenging every 600000ms
2020-02-25 02:42:57,696+0000 INFO  [jetty-main-1]  *SYSTEM org.sonatype.nexus.bootstrap.osgi.BootstrapListener - Initializing
2020-02-25 02:42:57,830+0000 INFO  [jetty-main-1]  *SYSTEM org.sonatype.nexus.bootstrap.osgi.BootstrapListener - Loading OSS Edition
2020-02-25 02:42:57,832+0000 INFO  [jetty-main-1]  *SYSTEM org.sonatype.nexus.bootstrap.osgi.BootstrapListener - Installing: nexus-oss-edition/3.21.1.01 (nexus-orient/3.21.1.01)
2020-02-25 02:43:18,400+0000 INFO  [jetty-main-1]  *SYSTEM org.sonatype.nexus.bootstrap.osgi.BootstrapListener - Installed: nexus-oss-edition/3.21.1.01 (nexus-orient/3.21.1.01)
2020-02-25 02:43:27,615+0000 INFO  [jetty-main-1]  *SYSTEM org.apache.shiro.nexus.NexusWebSessionManager - Global session timeout: 1800000 ms
2020-02-25 02:43:27,616+0000 INFO  [jetty-main-1]  *SYSTEM org.apache.shiro.nexus.NexusWebSessionManager - Session-cookie prototype: name=NXSESSIONID
2020-02-25 02:43:27,804+0000 INFO  [jetty-main-1]  *SYSTEM org.sonatype.nexus.extender.NexusBundleTracker - ACTIVATING org.sonatype.nexus.common [90]
2020-02-25 02:43:28,994+0000 INFO  [jetty-main-1]  *SYSTEM org.hibernate.validator.internal.util.Version - HV000001: Hibernate Validator 6.1.0.Final
2020-02-25 02:43:31,152+0000 INFO  [jetty-main-1]  *SYSTEM org.sonatype.nexus.extender.NexusBundleTracker - ACTIVATED org.sonatype.nexus.common [90]
2020-02-25 02:43:31,152+0000 INFO  [jetty-main-1]  *SYSTEM org.sonatype.nexus.extender.NexusBundleTracker - ACTIVATING org.apache.tika.core [112]
2020-02-25 02:43:31,364+0000 INFO  [jetty-main-1]  *SYSTEM org.sonatype.nexus.extender.NexusBundleTracker - ACTIVATED org.apache.tika.core [112]
2020-02-25 02:43:31,366+0000 INFO  [jetty-main-1]  *SYSTEM org.sonatype.nexus.extender.NexusBundleTracker - ACTIVATING org.hibernate.validator [135]
2020-02-25 02:43:31,428+0000 INFO  [jetty-main-1]  *SYSTEM org.sonatype.nexus.extender.NexusBundleTracker - ACTIVATED org.hibernate.validator [135]
2020-02-25 02:43:31,431+0000 INFO  [jetty-main-1]  *SYSTEM org.sonatype.nexus.extender.NexusBundleTracker - ACTIVATING org.sonatype.nexus.cache [116]
2020-02-25 02:43:31,599+0000 INFO  [jetty-main-1]  *SYSTEM org.sonatype.nexus.extender.NexusBundleTracker - ACTIVATED org.sonatype.nexus.cache [116]
2020-02-25 02:43:31,600+0000 INFO  [jetty-main-1]  *SYSTEM org.sonatype.nexus.extender.NexusBundleTracker - ACTIVATING org.sonatype.nexus.crypto [119]
2020-02-25 02:43:32,190+0000 INFO  [jetty-main-1]  *SYSTEM org.sonatype.nexus.extender.NexusBundleTracker - ACTIVATED org.sonatype.nexus.crypto [119]
2020-02-25 02:43:32,191+0000 INFO  [jetty-main-1]  *SYSTEM org.sonatype.nexus.extender.NexusBundleTracker - ACTIVATING org.sonatype.nexus.security [113]
2020-02-25 02:43:33,123+0000 INFO  [jetty-main-1]  *SYSTEM org.sonatype.nexus.extender.NexusBundleTracker - ACTIVATED org.sonatype.nexus.security [113]
2020-02-25 02:43:33,125+0000 INFO  [jetty-main-1]  *SYSTEM org.sonatype.nexus.extender.NexusBundleTracker - ACTIVATING org.sonatype.nexus.jmx [115]
2020-02-25 02:43:33,181+0000 INFO  [jetty-main-1]  *SYSTEM org.sonatype.nexus.extender.NexusBundleTracker - ACTIVATED org.sonatype.nexus.jmx [115]
2020-02-25 02:43:33,186+0000 INFO  [jetty-main-1]  *SYSTEM org.sonatype.nexus.extender.NexusBundleTracker - ACTIVATING org.sonatype.nexus.scheduling [155]
2020-02-25 02:43:33,296+0000 INFO  [jetty-main-1]  *SYSTEM org.sonatype.nexus.extender.NexusBundleTracker - ACTIVATED org.sonatype.nexus.scheduling [155]
2020-02-25 02:43:33,297+0000 INFO  [jetty-main-1]  *SYSTEM org.sonatype.nexus.extender.NexusBundleTracker - ACTIVATING org.sonatype.nexus.blobstore [146]
2020-02-25 02:43:33,393+0000 INFO  [jetty-main-1]  *SYSTEM org.sonatype.nexus.extender.NexusBundleTracker - ACTIVATED org.sonatype.nexus.blobstore [146]
2020-02-25 02:43:33,394+0000 INFO  [jetty-main-1]  *SYSTEM org.sonatype.nexus.extender.NexusBundleTracker - ACTIVATING org.sonatype.nexus.blobstore-file [144]
2020-02-25 02:43:33,549+0000 INFO  [jetty-main-1]  *SYSTEM org.sonatype.nexus.extender.NexusBundleTracker - ACTIVATED org.sonatype.nexus.blobstore-file [144]
2020-02-25 02:43:33,550+0000 INFO  [jetty-main-1]  *SYSTEM org.sonatype.nexus.extender.NexusBundleTracker - ACTIVATING org.sonatype.nexus.capability [148]
2020-02-25 02:43:33,621+0000 INFO  [jetty-main-1]  *SYSTEM org.sonatype.nexus.extender.NexusBundleTracker - ACTIVATED org.sonatype.nexus.capability [148]
2020-02-25 02:43:33,622+0000 INFO  [jetty-main-1]  *SYSTEM org.sonatype.nexus.extender.NexusBundleTracker - ACTIVATING org.sonatype.nexus.commands [149]
2020-02-25 02:43:33,659+0000 INFO  [jetty-main-1]  *SYSTEM org.sonatype.nexus.extender.NexusBundleTracker - ACTIVATED org.sonatype.nexus.commands [149]
2020-02-25 02:43:33,661+0000 INFO  [jetty-main-1]  *SYSTEM org.sonatype.nexus.extender.NexusBundleTracker - ACTIVATING org.sonatype.nexus.email [150]
2020-02-25 02:43:33,708+0000 INFO  [jetty-main-1]  *SYSTEM org.sonatype.nexus.extender.NexusBundleTracker - ACTIVATED org.sonatype.nexus.email [150]
2020-02-25 02:43:33,709+0000 INFO  [jetty-main-1]  *SYSTEM org.sonatype.nexus.extender.NexusBundleTracker - ACTIVATING org.sonatype.nexus.httpclient [153]
2020-02-25 02:43:33,765+0000 INFO  [jetty-main-1]  *SYSTEM org.sonatype.nexus.extender.NexusBundleTracker - ACTIVATED org.sonatype.nexus.httpclient [153]
2020-02-25 02:43:33,767+0000 INFO  [jetty-main-1]  *SYSTEM org.sonatype.nexus.extender.NexusBundleTracker - ACTIVATING org.sonatype.nexus.servlet [156]
2020-02-25 02:43:33,803+0000 INFO  [jetty-main-1]  *SYSTEM org.sonatype.nexus.extender.NexusBundleTracker - ACTIVATED org.sonatype.nexus.servlet [156]
2020-02-25 02:43:33,806+0000 INFO  [jetty-main-1]  *SYSTEM org.sonatype.nexus.extender.NexusBundleTracker - ACTIVATING org.sonatype.nexus.orient [202]
2020-02-25 02:43:34,231+0000 INFO  [jetty-main-1]  *SYSTEM org.sonatype.nexus.extender.NexusBundleTracker - ACTIVATED org.sonatype.nexus.orient [202]
2020-02-25 02:43:34,233+0000 INFO  [jetty-main-1]  *SYSTEM org.sonatype.nexus.extender.NexusBundleTracker - ACTIVATING org.sonatype.nexus.datastore [171]
2020-02-25 02:43:34,381+0000 INFO  [jetty-main-1]  *SYSTEM org.sonatype.nexus.extender.NexusBundleTracker - ACTIVATED org.sonatype.nexus.datastore [171]
2020-02-25 02:43:34,381+0000 INFO  [jetty-main-1]  *SYSTEM org.sonatype.nexus.extender.NexusBundleTracker - ACTIVATING org.sonatype.nexus.base [161]
2020-02-25 02:43:35,524+0000 INFO  [jetty-main-1]  *SYSTEM org.sonatype.nexus.internal.metrics.MetricsModule - Metrics support configured
2020-02-25 02:43:37,227+0000 INFO  [jetty-main-1]  *SYSTEM org.sonatype.nexus.extender.NexusBundleTracker - ACTIVATED org.sonatype.nexus.base [161]
2020-02-25 02:43:37,229+0000 INFO  [jetty-main-1]  *SYSTEM org.sonatype.nexus.extender.NexusBundleTracker - ACTIVATING org.sonatype.nexus.upgrade [175]
2020-02-25 02:43:37,303+0000 INFO  [jetty-main-1]  *SYSTEM org.sonatype.nexus.extender.NexusBundleTracker - ACTIVATED org.sonatype.nexus.upgrade [175]
2020-02-25 02:43:37,304+0000 INFO  [jetty-main-1]  *SYSTEM org.sonatype.nexus.extender.NexusBundleTracker - ACTIVATING org.sonatype.nexus.extdirect [177]
2020-02-25 02:43:37,428+0000 INFO  [jetty-main-1]  *SYSTEM org.sonatype.nexus.extender.NexusBundleTracker - ACTIVATED org.sonatype.nexus.extdirect [177]
2020-02-25 02:43:37,430+0000 INFO  [jetty-main-1]  *SYSTEM org.sonatype.nexus.extender.NexusBundleTracker - ACTIVATING org.sonatype.nexus.siesta [180]
2020-02-25 02:43:37,557+0000 INFO  [jetty-main-1]  *SYSTEM org.sonatype.nexus.extender.NexusBundleTracker - ACTIVATED org.sonatype.nexus.siesta [180]
2020-02-25 02:43:37,557+0000 INFO  [jetty-main-1]  *SYSTEM org.sonatype.nexus.extender.NexusBundleTracker - ACTIVATING org.sonatype.nexus.rest-jackson2 [182]
2020-02-25 02:43:37,599+0000 INFO  [jetty-main-1]  *SYSTEM org.sonatype.nexus.extender.NexusBundleTracker - ACTIVATED org.sonatype.nexus.rest-jackson2 [182]
2020-02-25 02:43:37,600+0000 INFO  [jetty-main-1]  *SYSTEM org.sonatype.nexus.extender.NexusBundleTracker - ACTIVATING org.sonatype.nexus.swagger [193]
2020-02-25 02:43:37,680+0000 INFO  [jetty-main-1]  *SYSTEM org.sonatype.nexus.extender.NexusBundleTracker - ACTIVATED org.sonatype.nexus.swagger [193]
2020-02-25 02:43:37,681+0000 INFO  [jetty-main-1]  *SYSTEM org.sonatype.nexus.extender.NexusBundleTracker - ACTIVATING org.sonatype.nexus.rapture [198]
2020-02-25 02:43:37,946+0000 INFO  [jetty-main-1]  *SYSTEM org.sonatype.nexus.extender.NexusBundleTracker - ACTIVATED org.sonatype.nexus.rapture [198]
2020-02-25 02:43:37,947+0000 INFO  [jetty-main-1]  *SYSTEM org.sonatype.nexus.extender.NexusBundleTracker - ACTIVATING org.sonatype.nexus.quartz [200]
2020-02-25 02:43:38,077+0000 INFO  [jetty-main-1]  *SYSTEM org.sonatype.nexus.extender.NexusBundleTracker - ACTIVATED org.sonatype.nexus.quartz [200]
2020-02-25 02:43:38,079+0000 INFO  [jetty-main-1]  *SYSTEM org.sonatype.nexus.extender.NexusBundleTracker - ACTIVATING org.sonatype.nexus.oss-edition [201]
2020-02-25 02:43:38,116+0000 INFO  [jetty-main-1]  *SYSTEM org.sonatype.nexus.extender.NexusBundleTracker - ACTIVATED org.sonatype.nexus.oss-edition [201]
2020-02-25 02:43:38,117+0000 INFO  [jetty-main-1]  *SYSTEM org.sonatype.nexus.extender.NexusContextListener - Running lifecycle phases [KERNEL, STORAGE, RESTORE, UPGRADE, SCHEMAS, EVENTS, SECURITY, SERVICES, CAPABILITIES, TASKS]
2020-02-25 02:43:38,118+0000 INFO  [jetty-main-1]  *SYSTEM org.sonatype.nexus.extender.NexusLifecycleManager - Start KERNEL
2020-02-25 02:43:38,121+0000 INFO  [jetty-main-1]  *SYSTEM org.sonatype.nexus.internal.log.LogbackLoggerOverrides - File: /nexus-data/etc/logback/logback-overrides.xml
2020-02-25 02:43:38,124+0000 INFO  [jetty-main-1]  *SYSTEM org.sonatype.nexus.internal.log.LogbackLogManager - Configuring
2020-02-25 02:43:38,181+0000 INFO  [jetty-main-1]  *SYSTEM org.sonatype.nexus.extender.NexusContextListener - Installing: [nexus-oss-feature/3.21.1.01, nexus-cma-feature/3.21.1.01, nexus-cma-extra/3.21.1.01, nexus-clm-oss-plugin/3.21.1.01]
2020-02-25 02:43:44,224+0000 INFO  [jetty-main-1]  *SYSTEM org.sonatype.nexus.extender.NexusContextListener - Installed: [nexus-oss-feature/3.21.1.01, nexus-cma-feature/3.21.1.01, nexus-cma-extra/3.21.1.01, nexus-clm-oss-plugin/3.21.1.01]
2020-02-25 02:43:44,236+0000 INFO  [FelixStartLevel]  *SYSTEM org.sonatype.nexus.extender.NexusBundleTracker - ACTIVATING org.sonatype.nexus.plugins.nexus-audit-plugin [212]
2020-02-25 02:43:46,382+0000 INFO  [FelixStartLevel]  *SYSTEM org.sonatype.nexus.extender.NexusBundleTracker - ACTIVATED org.sonatype.nexus.plugins.nexus-audit-plugin [212]
2020-02-25 02:43:46,391+0000 INFO  [FelixStartLevel]  *SYSTEM org.sonatype.nexus.extender.NexusBundleTracker - ACTIVATING org.sonatype.nexus.plugins.nexus-ssl-plugin [214]
2020-02-25 02:43:46,553+0000 INFO  [FelixStartLevel]  *SYSTEM org.sonatype.nexus.extender.NexusBundleTracker - ACTIVATED org.sonatype.nexus.plugins.nexus-ssl-plugin [214]
2020-02-25 02:43:46,592+0000 INFO  [FelixStartLevel]  *SYSTEM org.sonatype.nexus.extender.NexusBundleTracker - ACTIVATING org.sonatype.nexus.elasticsearch [224]
2020-02-25 02:43:46,728+0000 INFO  [FelixStartLevel]  *SYSTEM org.sonatype.nexus.extender.NexusBundleTracker - ACTIVATED org.sonatype.nexus.elasticsearch [224]
2020-02-25 02:43:46,729+0000 INFO  [FelixStartLevel]  *SYSTEM org.sonatype.nexus.extender.NexusBundleTracker - ACTIVATING org.sonatype.nexus.selector [232]
2020-02-25 02:43:46,790+0000 INFO  [FelixStartLevel]  *SYSTEM org.sonatype.nexus.extender.NexusBundleTracker - ACTIVATED org.sonatype.nexus.selector [232]
2020-02-25 02:43:46,790+0000 INFO  [FelixStartLevel]  *SYSTEM org.sonatype.nexus.extender.NexusBundleTracker - ACTIVATING org.sonatype.nexus.repository [223]
2020-02-25 02:43:47,839+0000 INFO  [FelixStartLevel]  *SYSTEM org.sonatype.nexus.extender.NexusBundleTracker - ACTIVATED org.sonatype.nexus.repository [223]
2020-02-25 02:43:47,840+0000 INFO  [FelixStartLevel]  *SYSTEM org.sonatype.nexus.extender.NexusBundleTracker - ACTIVATING org.sonatype.nexus.plugins.nexus-coreui-plugin [215]
2020-02-25 02:43:48,514+0000 INFO  [FelixStartLevel]  *SYSTEM org.sonatype.nexus.extender.NexusBundleTracker - ACTIVATED org.sonatype.nexus.plugins.nexus-coreui-plugin [215]
2020-02-25 02:43:48,539+0000 INFO  [FelixStartLevel]  *SYSTEM org.sonatype.nexus.extender.NexusBundleTracker - ACTIVATING org.sonatype.nexus.plugins.nexus-repository-httpbridge [216]
2020-02-25 02:43:48,607+0000 INFO  [FelixStartLevel]  *SYSTEM org.sonatype.nexus.extender.NexusBundleTracker - ACTIVATED org.sonatype.nexus.plugins.nexus-repository-httpbridge [216]
2020-02-25 02:43:48,641+0000 INFO  [FelixStartLevel]  *SYSTEM org.sonatype.nexus.extender.NexusBundleTracker - ACTIVATING org.sonatype.nexus.cleanup [234]
2020-02-25 02:43:48,741+0000 INFO  [FelixStartLevel]  *SYSTEM org.sonatype.nexus.extender.NexusBundleTracker - ACTIVATED org.sonatype.nexus.cleanup [234]
2020-02-25 02:43:48,742+0000 INFO  [FelixStartLevel]  *SYSTEM org.sonatype.nexus.extender.NexusBundleTracker - ACTIVATING org.sonatype.nexus.plugins.nexus-repository-maven [260]
2020-02-25 02:43:49,034+0000 INFO  [FelixStartLevel]  *SYSTEM org.sonatype.nexus.extender.NexusBundleTracker - ACTIVATED org.sonatype.nexus.plugins.nexus-repository-maven [260]
2020-02-25 02:43:49,035+0000 INFO  [FelixStartLevel]  *SYSTEM org.sonatype.nexus.extender.NexusBundleTracker - ACTIVATING org.sonatype.nexus.plugins.nexus-script-plugin [217]
2020-02-25 02:43:49,115+0000 INFO  [FelixStartLevel]  *SYSTEM org.sonatype.nexus.extender.NexusBundleTracker - ACTIVATED org.sonatype.nexus.plugins.nexus-script-plugin [217]
2020-02-25 02:43:49,121+0000 INFO  [FelixStartLevel]  *SYSTEM org.sonatype.nexus.extender.NexusBundleTracker - ACTIVATING org.sonatype.nexus.plugins.nexus-task-log-cleanup [218]
2020-02-25 02:43:49,172+0000 INFO  [FelixStartLevel]  *SYSTEM org.sonatype.nexus.extender.NexusBundleTracker - ACTIVATED org.sonatype.nexus.plugins.nexus-task-log-cleanup [218]
2020-02-25 02:43:49,252+0000 INFO  [FelixStartLevel]  *SYSTEM org.sonatype.nexus.extender.NexusBundleTracker - ACTIVATING org.sonatype.nexus.plugins.nexus-blobstore-s3 [219]
2020-02-25 02:43:49,452+0000 INFO  [FelixStartLevel]  *SYSTEM org.sonatype.nexus.extender.NexusBundleTracker - ACTIVATED org.sonatype.nexus.plugins.nexus-blobstore-s3 [219]
2020-02-25 02:43:49,461+0000 INFO  [FelixStartLevel]  *SYSTEM org.sonatype.nexus.extender.NexusBundleTracker - ACTIVATING org.sonatype.nexus.plugins.nexus-onboarding-plugin [221]
2020-02-25 02:43:49,495+0000 INFO  [FelixStartLevel]  *SYSTEM org.sonatype.nexus.extender.NexusBundleTracker - ACTIVATED org.sonatype.nexus.plugins.nexus-onboarding-plugin [221]
2020-02-25 02:43:49,509+0000 INFO  [FelixStartLevel]  *SYSTEM org.sonatype.nexus.extender.NexusBundleTracker - ACTIVATING org.sonatype.nexus.core [222]
2020-02-25 02:43:50,634+0000 WARN  [FelixStartLevel]  *SYSTEM org.sonatype.nexus.internal.system.FileDescriptorServiceImpl - WARNING: ****************************************************************************
2020-02-25 02:43:50,635+0000 WARN  [FelixStartLevel]  *SYSTEM org.sonatype.nexus.internal.system.FileDescriptorServiceImpl - WARNING: The open file descriptor limit is 4096 which is below the minimum recommended value of 65536.
2020-02-25 02:43:50,635+0000 WARN  [FelixStartLevel]  *SYSTEM org.sonatype.nexus.internal.system.FileDescriptorServiceImpl - WARNING: Please see: http://links.sonatype.com/products/nexus/system-reqs#filehandles
2020-02-25 02:43:50,635+0000 WARN  [FelixStartLevel]  *SYSTEM org.sonatype.nexus.internal.system.FileDescriptorServiceImpl - WARNING: ****************************************************************************
2020-02-25 02:43:50,648+0000 INFO  [FelixStartLevel]  *SYSTEM org.sonatype.nexus.extender.NexusBundleTracker - ACTIVATED org.sonatype.nexus.core [222]
2020-02-25 02:43:50,683+0000 INFO  [FelixStartLevel]  *SYSTEM org.sonatype.nexus.extender.NexusBundleTracker - ACTIVATING com.sonatype.nexus.plugins.nexus-ldap-plugin [238]
2020-02-25 02:43:50,827+0000 INFO  [FelixStartLevel]  *SYSTEM org.sonatype.nexus.extender.NexusBundleTracker - ACTIVATED com.sonatype.nexus.plugins.nexus-ldap-plugin [238]
2020-02-25 02:43:50,838+0000 INFO  [FelixStartLevel]  *SYSTEM org.sonatype.nexus.extender.NexusBundleTracker - ACTIVATING com.sonatype.nexus.plugins.nexus-proui-plugin [239]
2020-02-25 02:43:50,878+0000 INFO  [FelixStartLevel]  *SYSTEM org.sonatype.nexus.extender.NexusBundleTracker - ACTIVATED com.sonatype.nexus.plugins.nexus-proui-plugin [239]
2020-02-25 02:43:50,882+0000 INFO  [FelixStartLevel]  *SYSTEM org.sonatype.nexus.extender.NexusBundleTracker - ACTIVATING com.sonatype.nexus.plugins.nexus-proximanova-plugin [240]
2020-02-25 02:43:50,906+0000 INFO  [FelixStartLevel]  *SYSTEM org.sonatype.nexus.extender.NexusBundleTracker - ACTIVATED com.sonatype.nexus.plugins.nexus-proximanova-plugin [240]
2020-02-25 02:43:50,919+0000 INFO  [FelixStartLevel]  *SYSTEM org.sonatype.nexus.extender.NexusBundleTracker - ACTIVATING com.sonatype.nexus.plugins.nexus-analytics-plugin [242]
2020-02-25 02:43:51,001+0000 INFO  [FelixStartLevel]  *SYSTEM org.sonatype.nexus.extender.NexusBundleTracker - ACTIVATED com.sonatype.nexus.plugins.nexus-analytics-plugin [242]
2020-02-25 02:43:51,002+0000 INFO  [FelixStartLevel]  *SYSTEM org.sonatype.nexus.extender.NexusBundleTracker - ACTIVATING wrap_file_system_com_sonatype_licensing_license-bundle_1.5.0_license-bundle-1.5.0.jar [249]
2020-02-25 02:43:51,112+0000 INFO  [FelixStartLevel]  *SYSTEM org.sonatype.nexus.extender.NexusBundleTracker - ACTIVATED wrap_file_system_com_sonatype_licensing_license-bundle_1.5.0_license-bundle-1.5.0.jar [249]
2020-02-25 02:43:51,114+0000 INFO  [FelixStartLevel]  *SYSTEM org.sonatype.nexus.extender.NexusBundleTracker - ACTIVATING com.sonatype.nexus.licensing-extension [248]
2020-02-25 02:43:51,165+0000 INFO  [FelixStartLevel]  *SYSTEM org.sonatype.nexus.extender.NexusBundleTracker - ACTIVATED com.sonatype.nexus.licensing-extension [248]
2020-02-25 02:43:51,166+0000 INFO  [FelixStartLevel]  *SYSTEM org.sonatype.nexus.extender.NexusBundleTracker - ACTIVATING com.sonatype.nexus.plugins.nexus-licensing-plugin [241]
2020-02-25 02:43:51,217+0000 INFO  [FelixStartLevel]  *SYSTEM org.sonatype.nexus.extender.NexusBundleTracker - ACTIVATED com.sonatype.nexus.plugins.nexus-licensing-plugin [241]
2020-02-25 02:43:51,251+0000 INFO  [FelixStartLevel]  *SYSTEM org.sonatype.nexus.extender.NexusBundleTracker - ACTIVATING wrap_file_system_com_sonatype_insight_scan_insight-scanner-core_2.18.8-01_insight-scanner-core-2.18.8-01.jar [305]
2020-02-25 02:43:51,281+0000 INFO  [FelixStartLevel]  *SYSTEM org.sonatype.nexus.extender.NexusBundleTracker - ACTIVATED wrap_file_system_com_sonatype_insight_scan_insight-scanner-core_2.18.8-01_insight-scanner-core-2.18.8-01.jar [305]
2020-02-25 02:43:51,283+0000 INFO  [FelixStartLevel]  *SYSTEM org.sonatype.nexus.extender.NexusBundleTracker - ACTIVATING wrap_file_system_com_sonatype_insight_scan_insight-scanner-model-io_2.18.8-01_insight-scanner-model-io-2.18.8-01.jar [301]
2020-02-25 02:43:51,310+0000 INFO  [FelixStartLevel]  *SYSTEM org.sonatype.nexus.extender.NexusBundleTracker - ACTIVATED wrap_file_system_com_sonatype_insight_scan_insight-scanner-model-io_2.18.8-01_insight-scanner-model-io-2.18.8-01.jar [301]
2020-02-25 02:43:51,312+0000 INFO  [FelixStartLevel]  *SYSTEM org.sonatype.nexus.extender.NexusBundleTracker - ACTIVATING com.sonatype.nexus.plugins.nexus-healthcheck-base [299]
2020-02-25 02:43:51,554+0000 INFO  [FelixStartLevel]  *SYSTEM org.sonatype.nexus.extender.NexusBundleTracker - ACTIVATED com.sonatype.nexus.plugins.nexus-healthcheck-base [299]
2020-02-25 02:43:51,554+0000 INFO  [FelixStartLevel]  *SYSTEM org.sonatype.nexus.extender.NexusBundleTracker - ACTIVATING com.sonatype.nexus.plugins.nexus-repository-nuget [284]
2020-02-25 02:43:51,713+0000 INFO  [FelixStartLevel]  *SYSTEM org.sonatype.nexus.extender.NexusBundleTracker - ACTIVATED com.sonatype.nexus.plugins.nexus-repository-nuget [284]
2020-02-25 02:43:51,714+0000 INFO  [FelixStartLevel]  *SYSTEM org.sonatype.nexus.extender.NexusBundleTracker - ACTIVATING org.sonatype.nexus.plugins.nexus-repository-npm [266]
2020-02-25 02:43:51,914+0000 INFO  [FelixStartLevel]  *SYSTEM org.sonatype.nexus.extender.NexusBundleTracker - ACTIVATED org.sonatype.nexus.plugins.nexus-repository-npm [266]
2020-02-25 02:43:51,915+0000 INFO  [FelixStartLevel]  *SYSTEM org.sonatype.nexus.extender.NexusBundleTracker - ACTIVATING org.sonatype.nexus.plugins.nexus-repository-raw [272]
2020-02-25 02:43:52,016+0000 INFO  [FelixStartLevel]  *SYSTEM org.sonatype.nexus.extender.NexusBundleTracker - ACTIVATED org.sonatype.nexus.plugins.nexus-repository-raw [272]
2020-02-25 02:43:52,017+0000 INFO  [FelixStartLevel]  *SYSTEM org.sonatype.nexus.extender.NexusBundleTracker - ACTIVATING com.sonatype.nexus.plugins.nexus-repository-rubygems [288]
2020-02-25 02:43:52,106+0000 INFO  [FelixStartLevel]  *SYSTEM org.sonatype.nexus.extender.NexusBundleTracker - ACTIVATED com.sonatype.nexus.plugins.nexus-repository-rubygems [288]
2020-02-25 02:43:52,106+0000 INFO  [FelixStartLevel]  *SYSTEM org.sonatype.nexus.extender.NexusBundleTracker - ACTIVATING org.sonatype.nexus.rest-client [244]
2020-02-25 02:43:52,155+0000 INFO  [FelixStartLevel]  *SYSTEM org.sonatype.nexus.extender.NexusBundleTracker - ACTIVATED org.sonatype.nexus.rest-client [244]
2020-02-25 02:43:52,155+0000 INFO  [FelixStartLevel]  *SYSTEM org.sonatype.nexus.extender.NexusBundleTracker - ACTIVATING com.sonatype.nexus.plugins.nexus-migration-plugin [243]
2020-02-25 02:43:52,445+0000 INFO  [FelixStartLevel]  *SYSTEM org.sonatype.nexus.extender.NexusBundleTracker - ACTIVATED com.sonatype.nexus.plugins.nexus-migration-plugin [243]
2020-02-25 02:43:52,450+0000 INFO  [FelixStartLevel]  *SYSTEM org.sonatype.nexus.extender.NexusBundleTracker - ACTIVATING com.sonatype.nexus.plugins.nexus-outreach-plugin [246]
2020-02-25 02:43:52,499+0000 INFO  [FelixStartLevel]  *SYSTEM org.sonatype.nexus.extender.NexusBundleTracker - ACTIVATED com.sonatype.nexus.plugins.nexus-outreach-plugin [246]
2020-02-25 02:43:52,503+0000 INFO  [FelixStartLevel]  *SYSTEM org.sonatype.nexus.extender.NexusBundleTracker - ACTIVATING com.sonatype.nexus.plugins.nexus-rutauth-plugin [247]
2020-02-25 02:43:52,537+0000 INFO  [FelixStartLevel]  *SYSTEM org.sonatype.nexus.extender.NexusBundleTracker - ACTIVATED com.sonatype.nexus.plugins.nexus-rutauth-plugin [247]
2020-02-25 02:43:52,543+0000 INFO  [FelixStartLevel]  *SYSTEM org.sonatype.nexus.extender.NexusBundleTracker - ACTIVATING org.sonatype.nexus.plugins.nexus-blobstore-tasks [252]
2020-02-25 02:43:52,572+0000 INFO  [FelixStartLevel]  *SYSTEM org.sonatype.nexus.extender.NexusBundleTracker - ACTIVATED org.sonatype.nexus.plugins.nexus-blobstore-tasks [252]
2020-02-25 02:43:52,851+0000 INFO  [FelixStartLevel]  *SYSTEM org.sonatype.nexus.extender.NexusBundleTracker - ACTIVATING org.sonatype.nexus.plugins.nexus-repository-apt [253]
2020-02-25 02:43:52,985+0000 INFO  [FelixStartLevel]  *SYSTEM org.sonatype.nexus.extender.NexusBundleTracker - ACTIVATED org.sonatype.nexus.plugins.nexus-repository-apt [253]
2020-02-25 02:43:52,993+0000 INFO  [FelixStartLevel]  *SYSTEM org.sonatype.nexus.extender.NexusBundleTracker - ACTIVATING org.sonatype.nexus.plugins.nexus-repository-cocoapods [254]
2020-02-25 02:43:53,038+0000 INFO  [FelixStartLevel]  *SYSTEM org.sonatype.nexus.extender.NexusBundleTracker - ACTIVATED org.sonatype.nexus.plugins.nexus-repository-cocoapods [254]
2020-02-25 02:43:53,044+0000 INFO  [FelixStartLevel]  *SYSTEM org.sonatype.nexus.extender.NexusBundleTracker - ACTIVATING org.sonatype.nexus.plugins.nexus-repository-conda [255]
2020-02-25 02:43:53,089+0000 INFO  [FelixStartLevel]  *SYSTEM org.sonatype.nexus.extender.NexusBundleTracker - ACTIVATED org.sonatype.nexus.plugins.nexus-repository-conda [255]
2020-02-25 02:43:53,096+0000 INFO  [FelixStartLevel]  *SYSTEM org.sonatype.nexus.extender.NexusBundleTracker - ACTIVATING org.sonatype.nexus.plugins.nexus-repository-golang [256]
2020-02-25 02:43:53,192+0000 INFO  [FelixStartLevel]  *SYSTEM org.sonatype.nexus.extender.NexusBundleTracker - ACTIVATED org.sonatype.nexus.plugins.nexus-repository-golang [256]
2020-02-25 02:43:53,979+0000 INFO  [FelixStartLevel]  *SYSTEM org.sonatype.nexus.extender.NexusBundleTracker - ACTIVATING org.sonatype.nexus.plugins.nexus-repository-helm [257]
2020-02-25 02:43:54,384+0000 INFO  [FelixStartLevel]  *SYSTEM org.sonatype.nexus.extender.NexusBundleTracker - ACTIVATED org.sonatype.nexus.plugins.nexus-repository-helm [257]
2020-02-25 02:43:54,402+0000 INFO  [FelixStartLevel]  *SYSTEM org.sonatype.nexus.extender.NexusBundleTracker - ACTIVATING org.sonatype.nexus.plugins.nexus-repository-pypi [267]
2020-02-25 02:43:54,567+0000 INFO  [FelixStartLevel]  *SYSTEM org.sonatype.nexus.extender.NexusBundleTracker - ACTIVATED org.sonatype.nexus.plugins.nexus-repository-pypi [267]
2020-02-25 02:43:54,574+0000 INFO  [FelixStartLevel]  *SYSTEM org.sonatype.nexus.extender.NexusBundleTracker - ACTIVATING org.sonatype.nexus.plugins.nexus-repository-p2 [269]
2020-02-25 02:43:55,186+0000 INFO  [FelixStartLevel]  *SYSTEM org.sonatype.nexus.extender.NexusBundleTracker - ACTIVATED org.sonatype.nexus.plugins.nexus-repository-p2 [269]
2020-02-25 02:43:55,194+0000 INFO  [FelixStartLevel]  *SYSTEM org.sonatype.nexus.extender.NexusBundleTracker - ACTIVATING org.sonatype.nexus.plugins.nexus-repository-r [270]
2020-02-25 02:43:55,497+0000 INFO  [FelixStartLevel]  *SYSTEM org.sonatype.nexus.extender.NexusBundleTracker - ACTIVATED org.sonatype.nexus.plugins.nexus-repository-r [270]
2020-02-25 02:43:55,506+0000 INFO  [FelixStartLevel]  *SYSTEM org.sonatype.nexus.extender.NexusBundleTracker - ACTIVATING org.sonatype.nexus.plugins.nexus-restore-apt [273]
2020-02-25 02:43:55,529+0000 INFO  [FelixStartLevel]  *SYSTEM org.sonatype.nexus.extender.NexusBundleTracker - ACTIVATED org.sonatype.nexus.plugins.nexus-restore-apt [273]
2020-02-25 02:43:55,535+0000 INFO  [FelixStartLevel]  *SYSTEM org.sonatype.nexus.extender.NexusBundleTracker - ACTIVATING org.sonatype.nexus.plugins.nexus-restore-helm [274]
2020-02-25 02:43:55,556+0000 INFO  [FelixStartLevel]  *SYSTEM org.sonatype.nexus.extender.NexusBundleTracker - ACTIVATED org.sonatype.nexus.plugins.nexus-restore-helm [274]
2020-02-25 02:43:55,562+0000 INFO  [FelixStartLevel]  *SYSTEM org.sonatype.nexus.extender.NexusBundleTracker - ACTIVATING org.sonatype.nexus.plugins.nexus-restore-maven [275]
2020-02-25 02:43:55,588+0000 INFO  [FelixStartLevel]  *SYSTEM org.sonatype.nexus.extender.NexusBundleTracker - ACTIVATED org.sonatype.nexus.plugins.nexus-restore-maven [275]
2020-02-25 02:43:55,595+0000 INFO  [FelixStartLevel]  *SYSTEM org.sonatype.nexus.extender.NexusBundleTracker - ACTIVATING org.sonatype.nexus.plugins.nexus-restore-npm [276]
2020-02-25 02:43:55,620+0000 INFO  [FelixStartLevel]  *SYSTEM org.sonatype.nexus.extender.NexusBundleTracker - ACTIVATED org.sonatype.nexus.plugins.nexus-restore-npm [276]
2020-02-25 02:43:55,627+0000 INFO  [FelixStartLevel]  *SYSTEM org.sonatype.nexus.extender.NexusBundleTracker - ACTIVATING org.sonatype.nexus.plugins.nexus-restore-pypi [277]
2020-02-25 02:43:55,654+0000 INFO  [FelixStartLevel]  *SYSTEM org.sonatype.nexus.extender.NexusBundleTracker - ACTIVATED org.sonatype.nexus.plugins.nexus-restore-pypi [277]
2020-02-25 02:43:55,662+0000 INFO  [FelixStartLevel]  *SYSTEM org.sonatype.nexus.extender.NexusBundleTracker - ACTIVATING org.sonatype.nexus.plugins.nexus-restore-p2 [278]
2020-02-25 02:43:55,687+0000 INFO  [FelixStartLevel]  *SYSTEM org.sonatype.nexus.extender.NexusBundleTracker - ACTIVATED org.sonatype.nexus.plugins.nexus-restore-p2 [278]
2020-02-25 02:43:55,694+0000 INFO  [FelixStartLevel]  *SYSTEM org.sonatype.nexus.extender.NexusBundleTracker - ACTIVATING org.sonatype.nexus.plugins.nexus-restore-r [279]
2020-02-25 02:43:55,726+0000 INFO  [FelixStartLevel]  *SYSTEM org.sonatype.nexus.extender.NexusBundleTracker - ACTIVATED org.sonatype.nexus.plugins.nexus-restore-r [279]
2020-02-25 02:43:55,732+0000 INFO  [FelixStartLevel]  *SYSTEM org.sonatype.nexus.extender.NexusBundleTracker - ACTIVATING org.sonatype.nexus.plugins.nexus-restore-raw [280]
2020-02-25 02:43:55,764+0000 INFO  [FelixStartLevel]  *SYSTEM org.sonatype.nexus.extender.NexusBundleTracker - ACTIVATED org.sonatype.nexus.plugins.nexus-restore-raw [280]
2020-02-25 02:43:55,770+0000 INFO  [FelixStartLevel]  *SYSTEM org.sonatype.nexus.extender.NexusBundleTracker - ACTIVATING com.sonatype.nexus.plugins.nexus-repository-bower [281]
2020-02-25 02:43:55,835+0000 INFO  [FelixStartLevel]  *SYSTEM org.sonatype.nexus.extender.NexusBundleTracker - ACTIVATED com.sonatype.nexus.plugins.nexus-repository-bower [281]
2020-02-25 02:43:55,843+0000 INFO  [FelixStartLevel]  *SYSTEM org.sonatype.nexus.extender.NexusBundleTracker - ACTIVATING com.sonatype.nexus.plugins.nexus-repository-docker [282]
2020-02-25 02:43:56,467+0000 INFO  [FelixStartLevel]  *SYSTEM org.sonatype.nexus.extender.NexusBundleTracker - ACTIVATED com.sonatype.nexus.plugins.nexus-repository-docker [282]
2020-02-25 02:43:56,473+0000 INFO  [FelixStartLevel]  *SYSTEM org.sonatype.nexus.extender.NexusBundleTracker - ACTIVATING com.sonatype.nexus.plugins.nexus-repository-gitlfs [283]
2020-02-25 02:43:56,524+0000 INFO  [FelixStartLevel]  *SYSTEM org.sonatype.nexus.extender.NexusBundleTracker - ACTIVATED com.sonatype.nexus.plugins.nexus-repository-gitlfs [283]
2020-02-25 02:43:56,533+0000 INFO  [FelixStartLevel]  *SYSTEM org.sonatype.nexus.extender.NexusBundleTracker - ACTIVATING com.sonatype.nexus.plugins.nexus-repository-yum [290]
2020-02-25 02:43:56,727+0000 INFO  [FelixStartLevel]  *SYSTEM org.sonatype.nexus.extender.NexusBundleTracker - ACTIVATED com.sonatype.nexus.plugins.nexus-repository-yum [290]
2020-02-25 02:43:56,735+0000 INFO  [FelixStartLevel]  *SYSTEM org.sonatype.nexus.extender.NexusBundleTracker - ACTIVATING com.sonatype.nexus.plugins.nexus-restore-docker [294]
2020-02-25 02:43:56,768+0000 INFO  [FelixStartLevel]  *SYSTEM org.sonatype.nexus.extender.NexusBundleTracker - ACTIVATED com.sonatype.nexus.plugins.nexus-restore-docker [294]
2020-02-25 02:43:56,776+0000 INFO  [FelixStartLevel]  *SYSTEM org.sonatype.nexus.extender.NexusBundleTracker - ACTIVATING com.sonatype.nexus.plugins.nexus-restore-nuget [295]
2020-02-25 02:43:56,800+0000 INFO  [FelixStartLevel]  *SYSTEM org.sonatype.nexus.extender.NexusBundleTracker - ACTIVATED com.sonatype.nexus.plugins.nexus-restore-nuget [295]
2020-02-25 02:43:56,807+0000 INFO  [FelixStartLevel]  *SYSTEM org.sonatype.nexus.extender.NexusBundleTracker - ACTIVATING com.sonatype.nexus.plugins.nexus-restore-rubygems [296]
2020-02-25 02:43:56,838+0000 INFO  [FelixStartLevel]  *SYSTEM org.sonatype.nexus.extender.NexusBundleTracker - ACTIVATED com.sonatype.nexus.plugins.nexus-restore-rubygems [296]
2020-02-25 02:43:56,844+0000 INFO  [FelixStartLevel]  *SYSTEM org.sonatype.nexus.extender.NexusBundleTracker - ACTIVATING com.sonatype.nexus.plugins.nexus-restore-yum [297]
2020-02-25 02:43:56,871+0000 INFO  [FelixStartLevel]  *SYSTEM org.sonatype.nexus.extender.NexusBundleTracker - ACTIVATED com.sonatype.nexus.plugins.nexus-restore-yum [297]
2020-02-25 02:43:56,881+0000 INFO  [FelixStartLevel]  *SYSTEM org.sonatype.nexus.extender.NexusBundleTracker - ACTIVATING com.sonatype.nexus.plugins.nexus-ahc-plugin [298]
2020-02-25 02:43:56,953+0000 INFO  [FelixStartLevel]  *SYSTEM org.sonatype.nexus.extender.NexusBundleTracker - ACTIVATED com.sonatype.nexus.plugins.nexus-ahc-plugin [298]
2020-02-25 02:43:56,962+0000 INFO  [FelixStartLevel]  *SYSTEM org.sonatype.nexus.extender.NexusBundleTracker - ACTIVATING com.sonatype.nexus.plugins.nexus-clm-oss-plugin [303]
2020-02-25 02:43:56,987+0000 INFO  [FelixStartLevel]  *SYSTEM org.sonatype.nexus.extender.NexusBundleTracker - ACTIVATED com.sonatype.nexus.plugins.nexus-clm-oss-plugin [303]
2020-02-25 02:43:56,988+0000 INFO  [FelixStartLevel]  *SYSTEM org.sonatype.nexus.extender.NexusLifecycleManager - Start STORAGE
2020-02-25 02:43:59,614+0000 INFO  [FelixStartLevel]  *SYSTEM org.sonatype.nexus.internal.node.LocalNodeAccess - ID: 7EE9C519-A431C6DF-22FB715B-8880F26B-BE11D9D9
2020-02-25 02:43:59,616+0000 INFO  [FelixStartLevel]  *SYSTEM org.sonatype.nexus.internal.orient.DatabaseServerImpl - OrientDB version: 2.2.36 (build d3beb772c02098ceaea89779a7afd4b7305d3788, branch 2.2.x)
2020-02-25 02:43:59,957+0000 INFO  [FelixStartLevel]  *SYSTEM org.sonatype.nexus.internal.orient.DatabaseServerImpl$1 - OrientDB Server v2.2.36 (build d3beb772c02098ceaea89779a7afd4b7305d3788, branch 2.2.x) is starting up...
2020-02-25 02:44:00,004+0000 INFO  [FelixStartLevel]  *SYSTEM org.sonatype.nexus.internal.orient.DatabaseServerImpl$1 - Databases directory: /nexus-data/db
2020-02-25 02:44:01,224+0000 INFO  [FelixStartLevel]  *SYSTEM com.orientechnologies.orient.core.engine.OMemoryAndLocalPaginatedEnginesInitializer - Configuration of usage of soft references inside of containers of results of SQL execution
2020-02-25 02:44:01,226+0000 INFO  [FelixStartLevel]  *SYSTEM com.orientechnologies.orient.core.engine.OMemoryAndLocalPaginatedEnginesInitializer - Initial and maximum values of heap memory usage are equal, containers of results of SQL executors will use soft references by default
2020-02-25 02:44:01,226+0000 INFO  [FelixStartLevel]  *SYSTEM com.orientechnologies.orient.core.engine.OMemoryAndLocalPaginatedEnginesInitializer - Auto configuration of disk cache size.
2020-02-25 02:44:02,160+0000 INFO  [FelixStartLevel]  *SYSTEM com.orientechnologies.common.jna.ONative - 8228016128 B/7846 MB/7 GB of physical memory were detected on machine
2020-02-25 02:44:02,200+0000 INFO  [FelixStartLevel]  *SYSTEM com.orientechnologies.common.jna.ONative - Soft memory limit for this process is set to -1 B/-1 MB/-1 GB
2020-02-25 02:44:02,200+0000 INFO  [FelixStartLevel]  *SYSTEM com.orientechnologies.common.jna.ONative - Hard memory limit for this process is set to -1 B/-1 MB/-1 GB
2020-02-25 02:44:02,201+0000 INFO  [FelixStartLevel]  *SYSTEM com.orientechnologies.common.jna.ONative - Path to 'memory' cgroup is '/docker/dcf2bc19113490a5cf60ba2fb60aa8aa7d910c906cf252618eafe8ffa6dc9ede'
2020-02-25 02:44:02,202+0000 INFO  [FelixStartLevel]  *SYSTEM com.orientechnologies.common.jna.ONative - Mounting path for memory cgroup controller is '/sys/fs/cgroup/memory'
2020-02-25 02:44:02,202+0000 INFO  [FelixStartLevel]  *SYSTEM com.orientechnologies.common.jna.ONative - Can not find '/sys/fs/cgroup/memory/docker/dcf2bc19113490a5cf60ba2fb60aa8aa7d910c906cf252618eafe8ffa6dc9ede' path for memory cgroup, it is supposed that process is running in container, will try to read root '/sys/fs/cgroup/memory' memory cgroup data
2020-02-25 02:44:02,203+0000 INFO  [FelixStartLevel]  *SYSTEM com.orientechnologies.common.jna.ONative - cgroup soft memory limit is 9223372036854771712 B/8796093022207 MB/8589934591 GB
2020-02-25 02:44:02,203+0000 INFO  [FelixStartLevel]  *SYSTEM com.orientechnologies.common.jna.ONative - cgroup hard memory limit is 9223372036854771712 B/8796093022207 MB/8589934591 GB
2020-02-25 02:44:02,203+0000 INFO  [FelixStartLevel]  *SYSTEM com.orientechnologies.common.jna.ONative - Detected memory limit for current process is 8228016128 B/7846 MB/7 GB
2020-02-25 02:44:02,205+0000 INFO  [FelixStartLevel]  *SYSTEM com.orientechnologies.orient.core.engine.OMemoryAndLocalPaginatedEnginesInitializer - OrientDB auto-config DISKCACHE=2,048MB (heap=1,142MB direct=2,048MB os=7,846MB)
2020-02-25 02:44:02,209+0000 INFO  [FelixStartLevel]  *SYSTEM com.orientechnologies.orient.core.config.OGlobalConfiguration - Lowering disk cache size from 2,048MB to 2,046MB.
2020-02-25 02:44:02,426+0000 INFO  [FelixStartLevel]  *SYSTEM org.sonatype.nexus.internal.orient.DatabaseServerImpl$1 - Found ORIENTDB_ROOT_PASSWORD variable, using this value as root's password
2020-02-25 02:44:02,624+0000 INFO  [FelixStartLevel]  *SYSTEM com.orientechnologies.orient.server.handler.OJMXPlugin - JMX plugin installed and active: profilerManaged=true
2020-02-25 02:44:02,626+0000 INFO  [FelixStartLevel]  *SYSTEM org.sonatype.nexus.internal.orient.DatabaseServerImpl$1 - OrientDB Studio available at $ANSI{blue http://localhost:2480/studio/index.html}
2020-02-25 02:44:02,627+0000 INFO  [FelixStartLevel]  *SYSTEM org.sonatype.nexus.internal.orient.DatabaseServerImpl$1 - $ANSI{green:italic OrientDB Server is active} v2.2.36 (build d3beb772c02098ceaea89779a7afd4b7305d3788, branch 2.2.x).
2020-02-25 02:44:02,628+0000 INFO  [FelixStartLevel]  *SYSTEM org.sonatype.nexus.internal.orient.DatabaseServerImpl - Activated
2020-02-25 02:44:02,827+0000 INFO  [FelixStartLevel]  *SYSTEM org.sonatype.nexus.extender.NexusLifecycleManager - Start RESTORE
2020-02-25 02:44:15,351+0000 INFO  [ForkJoinPool.commonPool-worker-2]  *SYSTEM com.orientechnologies.orient.core.storage.impl.local.paginated.OLocalPaginatedStorage - Storage 'plocal:/nexus-data/db/security' is opened under OrientDB distribution : 2.2.36 (build d3beb772c02098ceaea89779a7afd4b7305d3788, branch 2.2.x)
2020-02-25 02:44:25,395+0000 INFO  [ForkJoinPool.commonPool-worker-1]  *SYSTEM com.orientechnologies.orient.core.storage.impl.local.paginated.OLocalPaginatedStorage - Storage 'plocal:/nexus-data/db/config' is opened under OrientDB distribution : 2.2.36 (build d3beb772c02098ceaea89779a7afd4b7305d3788, branch 2.2.x)
2020-02-25 02:44:27,786+0000 INFO  [FelixStartLevel]  *SYSTEM com.orientechnologies.orient.core.storage.impl.local.paginated.OLocalPaginatedStorage - Storage 'plocal:/nexus-data/db/component' is opened under OrientDB distribution : 2.2.36 (build d3beb772c02098ceaea89779a7afd4b7305d3788, branch 2.2.x)
2020-02-25 02:44:28,143+0000 INFO  [FelixStartLevel]  *SYSTEM org.sonatype.nexus.extender.NexusLifecycleManager - Start UPGRADE
2020-02-25 02:44:28,506+0000 INFO  [FelixStartLevel]  *SYSTEM org.sonatype.nexus.extender.NexusLifecycleManager - Start SCHEMAS
2020-02-25 02:44:28,553+0000 INFO  [FelixStartLevel]  *SYSTEM org.sonatype.nexus.internal.orient.DatabaseManagerImpl - Configuring OrientDB pool config with per-core limit of 16
2020-02-25 02:44:28,777+0000 INFO  [FelixStartLevel]  *SYSTEM org.sonatype.nexus.extender.NexusLifecycleManager - Start EVENTS
2020-02-25 02:44:29,227+0000 INFO  [FelixStartLevel]  *SYSTEM org.sonatype.nexus.extender.NexusLifecycleManager - Start SECURITY
2020-02-25 02:44:29,231+0000 INFO  [FelixStartLevel]  *SYSTEM org.sonatype.nexus.security.internal.DefaultSecuritySystem - Unlimited strength JCE policy detected
2020-02-25 02:44:29,234+0000 INFO  [FelixStartLevel]  *SYSTEM org.sonatype.nexus.internal.orient.DatabaseManagerImpl - Configuring OrientDB pool security with per-core limit of 16
2020-02-25 02:44:29,237+0000 INFO  [FelixStartLevel]  *SYSTEM org.sonatype.nexus.security.internal.RealmManagerImpl - Using default configuration: OrientRealmConfiguration{realmNames=[NexusAuthenticatingRealm, NexusAuthorizingRealm]}
2020-02-25 02:44:29,277+0000 INFO  [FelixStartLevel]  *SYSTEM org.sonatype.nexus.cache.internal.RuntimeCacheManagerProvider - Cache-provider: ehcache
2020-02-25 02:44:29,332+0000 INFO  [FelixStartLevel]  *SYSTEM org.sonatype.nexus.cache.internal.ehcache.EhCacheManagerProvider - Creating cache-manager with configuration: file:/opt/sonatype/nexus/etc/fabric/ehcache.xml
2020-02-25 02:44:29,337+0000 INFO  [FelixStartLevel]  *SYSTEM org.ehcache.xml.XmlConfiguration - Loading Ehcache XML configuration from /opt/sonatype/nexus/etc/fabric/ehcache.xml.
2020-02-25 02:44:30,142+0000 INFO  [FelixStartLevel]  *SYSTEM org.ehcache.jsr107.ConfigurationMerger - Configuration of cache NexusAuthenticatingRealm.authenticationCache will be supplemented by template nexus-default
2020-02-25 02:44:30,405+0000 INFO  [FelixStartLevel]  *SYSTEM org.ehcache.core.EhcacheManager - Cache 'NexusAuthenticatingRealm.authenticationCache' created in EhcacheManager.
2020-02-25 02:44:30,411+0000 INFO  [FelixStartLevel]  *SYSTEM org.ehcache.jsr107.Eh107CacheManager - Registering Ehcache MBean javax.cache:type=CacheConfiguration,CacheManager=file./opt/sonatype/nexus/etc/fabric/ehcache.xml,Cache=NexusAuthenticatingRealm.authenticationCache
2020-02-25 02:44:30,412+0000 INFO  [FelixStartLevel]  *SYSTEM org.ehcache.jsr107.Eh107CacheManager - Registering Ehcache MBean javax.cache:type=CacheStatistics,CacheManager=file./opt/sonatype/nexus/etc/fabric/ehcache.xml,Cache=NexusAuthenticatingRealm.authenticationCache
2020-02-25 02:44:30,413+0000 INFO  [FelixStartLevel]  *SYSTEM org.ehcache.jsr107.ConfigurationMerger - Configuration of cache NexusAuthorizingRealm.authorizationCache will be supplemented by template nexus-default
2020-02-25 02:44:30,418+0000 INFO  [FelixStartLevel]  *SYSTEM org.ehcache.core.EhcacheManager - Cache 'NexusAuthorizingRealm.authorizationCache' created in EhcacheManager.
2020-02-25 02:44:30,419+0000 INFO  [FelixStartLevel]  *SYSTEM org.ehcache.jsr107.Eh107CacheManager - Registering Ehcache MBean javax.cache:type=CacheConfiguration,CacheManager=file./opt/sonatype/nexus/etc/fabric/ehcache.xml,Cache=NexusAuthorizingRealm.authorizationCache
2020-02-25 02:44:30,419+0000 INFO  [FelixStartLevel]  *SYSTEM org.ehcache.jsr107.Eh107CacheManager - Registering Ehcache MBean javax.cache:type=CacheStatistics,CacheManager=file./opt/sonatype/nexus/etc/fabric/ehcache.xml,Cache=NexusAuthorizingRealm.authorizationCache
2020-02-25 02:44:30,421+0000 INFO  [FelixStartLevel]  *SYSTEM org.sonatype.nexus.extender.NexusLifecycleManager - Start SERVICES
2020-02-25 02:44:30,743+0000 INFO  [FelixStartLevel]  *SYSTEM org.sonatype.nexus.blobstore.file.internal.FileBlobStoreMetricsStore - Loading blob store metrics file /nexus-data/blobs/default/7EE9C519-A431C6DF-22FB715B-8880F26B-BE11D9D9-metrics.properties {}
2020-02-25 02:44:31,327+0000 INFO  [FelixStartLevel]  *SYSTEM org.sonatype.nexus.elasticsearch.internal.NodeProvider - Creating node with config: /opt/sonatype/nexus/etc/fabric/elasticsearch.yml
2020-02-25 02:44:32,171+0000 INFO  [FelixStartLevel]  *SYSTEM org.elasticsearch.node - [7EE9C519-A431C6DF-22FB715B-8880F26B-BE11D9D9] version[2.4.3], pid[1], build[d38a34e/2016-12-07T16:28:56Z]
2020-02-25 02:44:32,172+0000 INFO  [FelixStartLevel]  *SYSTEM org.elasticsearch.node - [7EE9C519-A431C6DF-22FB715B-8880F26B-BE11D9D9] initializing ...
2020-02-25 02:44:32,242+0000 INFO  [FelixStartLevel]  *SYSTEM org.elasticsearch.plugins - [7EE9C519-A431C6DF-22FB715B-8880F26B-BE11D9D9] modules [], plugins [content-auth-plugin], sites []
2020-02-25 02:44:32,324+0000 INFO  [FelixStartLevel]  *SYSTEM org.elasticsearch.env - [7EE9C519-A431C6DF-22FB715B-8880F26B-BE11D9D9] using [1] data paths, mounts [[/nexus-data (/dev/sda8)]], net usable_space [112.8gb], net total_space [165.5gb], spins? [possibly], types [ext4]
2020-02-25 02:44:32,325+0000 INFO  [FelixStartLevel]  *SYSTEM org.elasticsearch.env - [7EE9C519-A431C6DF-22FB715B-8880F26B-BE11D9D9] heap size [1.1gb], compressed ordinary object pointers [true]
2020-02-25 02:44:32,325+0000 WARN  [FelixStartLevel]  *SYSTEM org.elasticsearch.env - [7EE9C519-A431C6DF-22FB715B-8880F26B-BE11D9D9] max file descriptors [4096] for elasticsearch process likely too low, consider increasing to at least [65536]
2020-02-25 02:44:36,107+0000 INFO  [FelixStartLevel]  *SYSTEM org.elasticsearch.node - [7EE9C519-A431C6DF-22FB715B-8880F26B-BE11D9D9] initialized
2020-02-25 02:44:36,107+0000 INFO  [FelixStartLevel]  *SYSTEM org.elasticsearch.node - [7EE9C519-A431C6DF-22FB715B-8880F26B-BE11D9D9] starting ...
2020-02-25 02:44:36,110+0000 INFO  [FelixStartLevel]  *SYSTEM org.elasticsearch.transport - [7EE9C519-A431C6DF-22FB715B-8880F26B-BE11D9D9] publish_address {local[1]}, bound_addresses {local[1]}
2020-02-25 02:44:36,164+0000 INFO  [FelixStartLevel]  *SYSTEM org.elasticsearch.discovery - [7EE9C519-A431C6DF-22FB715B-8880F26B-BE11D9D9] nexus/6wFzQ0GpSbylXSD9WSaRuQ
2020-02-25 02:44:36,196+0000 INFO  [elasticsearch[7EE9C519-A431C6DF-22FB715B-8880F26B-BE11D9D9][clusterService#updateTask][T#1]]  *SYSTEM org.elasticsearch.cluster.service - [7EE9C519-A431C6DF-22FB715B-8880F26B-BE11D9D9] new_master {7EE9C519-A431C6DF-22FB715B-8880F26B-BE11D9D9}{6wFzQ0GpSbylXSD9WSaRuQ}{local}{local[1]}{local=true, master=true}, reason: local-disco-initial_connect(master)
2020-02-25 02:44:36,201+0000 INFO  [FelixStartLevel]  *SYSTEM org.elasticsearch.node - [7EE9C519-A431C6DF-22FB715B-8880F26B-BE11D9D9] started
2020-02-25 02:44:37,736+0000 INFO  [elasticsearch[7EE9C519-A431C6DF-22FB715B-8880F26B-BE11D9D9][clusterService#updateTask][T#1]]  *SYSTEM org.elasticsearch.gateway - [7EE9C519-A431C6DF-22FB715B-8880F26B-BE11D9D9] recovered [5] indices into cluster_state
2020-02-25 02:44:40,654+0000 INFO  [elasticsearch[7EE9C519-A431C6DF-22FB715B-8880F26B-BE11D9D9][clusterService#updateTask][T#1]]  *SYSTEM org.elasticsearch.cluster.routing.allocation - [7EE9C519-A431C6DF-22FB715B-8880F26B-BE11D9D9] Cluster health status changed from [RED] to [GREEN] (reason: [shards started [[2e9a1e67e8a325bcd6ee9f6790ff6c769e791d56][0], [2e9a1e67e8a325bcd6ee9f6790ff6c769e791d56][0]] ...]).
2020-02-25 02:44:41,294+0000 INFO  [FelixStartLevel]  *SYSTEM org.sonatype.nexus.internal.orient.DatabaseManagerImpl - Configuring OrientDB pool component with per-core limit of 16
2020-02-25 02:44:41,330+0000 INFO  [FelixStartLevel]  *SYSTEM org.ehcache.jsr107.ConfigurationMerger - Configuration of cache nugetV3ServiceIndexCache will be supplemented by template nexus-default
2020-02-25 02:44:41,335+0000 INFO  [FelixStartLevel]  *SYSTEM org.ehcache.core.EhcacheManager - Cache 'nugetV3ServiceIndexCache' created in EhcacheManager.
2020-02-25 02:44:41,336+0000 INFO  [FelixStartLevel]  *SYSTEM org.ehcache.jsr107.Eh107CacheManager - Registering Ehcache MBean javax.cache:type=CacheConfiguration,CacheManager=file./opt/sonatype/nexus/etc/fabric/ehcache.xml,Cache=nugetV3ServiceIndexCache
2020-02-25 02:44:41,336+0000 INFO  [FelixStartLevel]  *SYSTEM org.ehcache.jsr107.Eh107CacheManager - Registering Ehcache MBean javax.cache:type=CacheStatistics,CacheManager=file./opt/sonatype/nexus/etc/fabric/ehcache.xml,Cache=nugetV3ServiceIndexCache
2020-02-25 02:44:41,540+0000 INFO  [FelixStartLevel]  *SYSTEM org.sonatype.nexus.internal.httpclient.HttpClientManagerImpl - Using default configuration: OrientHttpClientConfiguration{connection=null, proxy=null, authentication=null}
2020-02-25 02:44:41,627+0000 INFO  [FelixStartLevel]  *SYSTEM org.sonatype.nexus.repository.httpclient.internal.HttpClientFacetImpl - Remote connection status of repository nuget.org-proxy set to Ready to Connect.
2020-02-25 02:44:41,631+0000 INFO  [FelixStartLevel]  *SYSTEM org.ehcache.jsr107.ConfigurationMerger - Configuration of cache nuget.org-proxy#negative-cache will be supplemented by template nexus-default
2020-02-25 02:44:41,636+0000 INFO  [FelixStartLevel]  *SYSTEM org.ehcache.core.EhcacheManager - Cache 'nuget.org-proxy#negative-cache' created in EhcacheManager.
2020-02-25 02:44:41,638+0000 INFO  [FelixStartLevel]  *SYSTEM org.ehcache.jsr107.Eh107CacheManager - Registering Ehcache MBean javax.cache:type=CacheConfiguration,CacheManager=file./opt/sonatype/nexus/etc/fabric/ehcache.xml,Cache=nuget.org-proxy#negative-cache
2020-02-25 02:44:41,638+0000 INFO  [FelixStartLevel]  *SYSTEM org.ehcache.jsr107.Eh107CacheManager - Registering Ehcache MBean javax.cache:type=CacheStatistics,CacheManager=file./opt/sonatype/nexus/etc/fabric/ehcache.xml,Cache=nuget.org-proxy#negative-cache
2020-02-25 02:44:41,644+0000 INFO  [FelixStartLevel]  *SYSTEM org.ehcache.jsr107.ConfigurationMerger - Configuration of cache nuget.org-proxy#odata-query-cache will be supplemented by template nexus-default
2020-02-25 02:44:41,649+0000 INFO  [FelixStartLevel]  *SYSTEM org.ehcache.core.EhcacheManager - Cache 'nuget.org-proxy#odata-query-cache' created in EhcacheManager.
2020-02-25 02:44:41,651+0000 INFO  [FelixStartLevel]  *SYSTEM org.ehcache.jsr107.Eh107CacheManager - Registering Ehcache MBean javax.cache:type=CacheConfiguration,CacheManager=file./opt/sonatype/nexus/etc/fabric/ehcache.xml,Cache=nuget.org-proxy#odata-query-cache
2020-02-25 02:44:41,652+0000 INFO  [FelixStartLevel]  *SYSTEM org.ehcache.jsr107.Eh107CacheManager - Registering Ehcache MBean javax.cache:type=CacheStatistics,CacheManager=file./opt/sonatype/nexus/etc/fabric/ehcache.xml,Cache=nuget.org-proxy#odata-query-cache
2020-02-25 02:44:41,697+0000 INFO  [FelixStartLevel]  *SYSTEM org.sonatype.nexus.repository.httpclient.internal.HttpClientFacetImpl - Remote connection status of repository nuget-group set to Ready to Connect.
2020-02-25 02:44:41,699+0000 INFO  [FelixStartLevel]  *SYSTEM org.ehcache.jsr107.ConfigurationMerger - Configuration of cache nuget-group#odata-query-cache will be supplemented by template nexus-default
2020-02-25 02:44:41,703+0000 INFO  [FelixStartLevel]  *SYSTEM org.ehcache.core.EhcacheManager - Cache 'nuget-group#odata-query-cache' created in EhcacheManager.
2020-02-25 02:44:41,704+0000 INFO  [FelixStartLevel]  *SYSTEM org.ehcache.jsr107.Eh107CacheManager - Registering Ehcache MBean javax.cache:type=CacheConfiguration,CacheManager=file./opt/sonatype/nexus/etc/fabric/ehcache.xml,Cache=nuget-group#odata-query-cache
2020-02-25 02:44:41,705+0000 INFO  [FelixStartLevel]  *SYSTEM org.ehcache.jsr107.Eh107CacheManager - Registering Ehcache MBean javax.cache:type=CacheStatistics,CacheManager=file./opt/sonatype/nexus/etc/fabric/ehcache.xml,Cache=nuget-group#odata-query-cache
2020-02-25 02:44:42,303+0000 INFO  [FelixStartLevel]  *SYSTEM org.sonatype.nexus.repository.httpclient.internal.HttpClientFacetImpl - Remote connection status of repository maven-central set to Ready to Connect.
2020-02-25 02:44:42,304+0000 INFO  [FelixStartLevel]  *SYSTEM org.ehcache.jsr107.ConfigurationMerger - Configuration of cache maven-central#negative-cache will be supplemented by template nexus-default
2020-02-25 02:44:42,308+0000 INFO  [FelixStartLevel]  *SYSTEM org.ehcache.core.EhcacheManager - Cache 'maven-central#negative-cache' created in EhcacheManager.
2020-02-25 02:44:42,309+0000 INFO  [FelixStartLevel]  *SYSTEM org.ehcache.jsr107.Eh107CacheManager - Registering Ehcache MBean javax.cache:type=CacheConfiguration,CacheManager=file./opt/sonatype/nexus/etc/fabric/ehcache.xml,Cache=maven-central#negative-cache
2020-02-25 02:44:42,309+0000 INFO  [FelixStartLevel]  *SYSTEM org.ehcache.jsr107.Eh107CacheManager - Registering Ehcache MBean javax.cache:type=CacheStatistics,CacheManager=file./opt/sonatype/nexus/etc/fabric/ehcache.xml,Cache=maven-central#negative-cache
2020-02-25 02:44:42,773+0000 INFO  [FelixStartLevel]  *SYSTEM org.sonatype.nexus.repository.search.IndexSyncService - Rebuilding search indexes because database has diverged
2020-02-25 02:44:42,776+0000 INFO  [FelixStartLevel]  *SYSTEM org.sonatype.nexus.quartz.internal.QuartzSchedulerProvider - Thread-pool size: 20
2020-02-25 02:44:43,010+0000 INFO  [FelixStartLevel]  *SYSTEM org.sonatype.nexus.quartz.internal.orient.JobStoreImpl - Instance name: nexus; ID: 7EE9C519-A431C6DF-22FB715B-8880F26B-BE11D9D9
2020-02-25 02:44:43,011+0000 INFO  [FelixStartLevel]  *SYSTEM org.sonatype.nexus.quartz.internal.orient.JobStoreImpl - Initialized
2020-02-25 02:44:43,055+0000 INFO  [FelixStartLevel]  *SYSTEM org.sonatype.nexus.quartz.internal.QuartzSchedulerProvider - Quartz Scheduler v2.3.0
2020-02-25 02:44:43,377+0000 INFO  [FelixStartLevel]  *SYSTEM org.sonatype.nexus.quartz.internal.task.QuartzTaskInfo - Task 'Storage facet cleanup' [repository.storage-facet-cleanup] : state=WAITING
2020-02-25 02:44:43,378+0000 INFO  [FelixStartLevel]  *SYSTEM org.sonatype.nexus.quartz.internal.task.QuartzTaskInfo - Task 'Task log cleanup' [tasklog.cleanup] : state=WAITING
2020-02-25 02:44:43,378+0000 INFO  [FelixStartLevel]  *SYSTEM org.sonatype.nexus.quartz.internal.task.QuartzTaskInfo - Task 'Cleanup service' [repository.cleanup] : state=WAITING
2020-02-25 02:44:43,439+0000 INFO  [FelixStartLevel]  *SYSTEM org.sonatype.nexus.extender.NexusLifecycleManager - Start CAPABILITIES
2020-02-25 02:44:43,637+0000 INFO  [status-delayed-tasks-1-thread-1]  *SYSTEM org.sonatype.nexus.quartz.internal.task.QuartzTaskInfo - Task 'Storage facet cleanup' [repository.storage-facet-cleanup] : state=WAITING
2020-02-25 02:44:43,639+0000 INFO  [status-delayed-tasks-1-thread-1]  *SYSTEM org.sonatype.nexus.quartz.internal.task.QuartzTaskInfo - Task 'Task log cleanup' [tasklog.cleanup] : state=WAITING
2020-02-25 02:44:43,640+0000 INFO  [status-delayed-tasks-1-thread-1]  *SYSTEM org.sonatype.nexus.quartz.internal.task.QuartzTaskInfo - Task 'Cleanup service' [repository.cleanup] : state=WAITING
2020-02-25 02:44:44,094+0000 INFO  [jetty-main-1]  *SYSTEM org.sonatype.nexus.bootstrap.osgi.BootstrapListener - Initialized
2020-02-25 02:44:44,095+0000 INFO  [FelixStartLevel]  *SYSTEM org.sonatype.nexus.extender.NexusLifecycleManager - Start TASKS
2020-02-25 02:44:44,400+0000 INFO  [FelixStartLevel]  *SYSTEM org.sonatype.nexus.repository.search.IndexRebuildManager - Scheduling automatic rebuild of repository indexes
2020-02-25 02:44:44,470+0000 INFO  [FelixStartLevel]  *SYSTEM org.sonatype.nexus.quartz.internal.task.QuartzTaskInfo - Task 'Repair - Rebuild repository search' [repository.rebuild-index] : state=RUNNING
2020-02-25 02:44:44,589+0000 INFO  [FelixStartLevel]  *SYSTEM org.sonatype.nexus.scheduling.TaskSchedulerImpl - Task 'Repair - Rebuild repository search' [repository.rebuild-index] scheduled: now
2020-02-25 02:44:44,700+0000 INFO  [FelixStartLevel]  *SYSTEM org.sonatype.nexus.quartz.internal.QuartzSchedulerSPI - Scheduler put into ready mode
2020-02-25 02:44:44,904+0000 INFO  [quartz-3-thread-2]  *SYSTEM org.sonatype.nexus.quartz.internal.task.QuartzTaskInfo - Task 'Task log cleanup' [tasklog.cleanup] state change WAITING -> RUNNING
2020-02-25 02:44:45,094+0000 INFO  [quartz-3-thread-3]  *SYSTEM org.sonatype.nexus.quartz.internal.task.QuartzTaskInfo - Task 'Cleanup service' [repository.cleanup] state change WAITING -> RUNNING
2020-02-25 02:44:45,151+0000 INFO  [quartz-3-thread-4]  *SYSTEM org.sonatype.nexus.quartz.internal.task.QuartzTaskInfo - Task 'Storage facet cleanup' [repository.storage-facet-cleanup] state change WAITING -> RUNNING
2020-02-25 02:44:45,207+0000 INFO  [jetty-main-1]  *SYSTEM org.sonatype.nexus.rapture.internal.RaptureWebResourceBundle - UI plugin descriptors:
2020-02-25 02:44:45,265+0000 INFO  [jetty-main-1]  *SYSTEM org.sonatype.nexus.rapture.internal.RaptureWebResourceBundle -   nexus-security-plugin
2020-02-25 02:44:45,266+0000 INFO  [jetty-main-1]  *SYSTEM org.sonatype.nexus.rapture.internal.RaptureWebResourceBundle - ExtJS UI plugin descriptors:
2020-02-25 02:44:45,268+0000 INFO  [jetty-main-1]  *SYSTEM org.sonatype.nexus.rapture.internal.RaptureWebResourceBundle -   nexus-rapture
2020-02-25 02:44:45,270+0000 INFO  [jetty-main-1]  *SYSTEM org.sonatype.nexus.rapture.internal.RaptureWebResourceBundle -   nexus-blobstore-s3
2020-02-25 02:44:45,270+0000 INFO  [jetty-main-1]  *SYSTEM org.sonatype.nexus.rapture.internal.RaptureWebResourceBundle -   nexus-proximanova-plugin
2020-02-25 02:44:45,271+0000 INFO  [jetty-main-1]  *SYSTEM org.sonatype.nexus.rapture.internal.RaptureWebResourceBundle -   nexus-rutauth-plugin
2020-02-25 02:44:45,272+0000 INFO  [jetty-main-1]  *SYSTEM org.sonatype.nexus.rapture.internal.RaptureWebResourceBundle -   nexus-coreui-plugin
2020-02-25 02:44:45,273+0000 INFO  [jetty-main-1]  *SYSTEM org.sonatype.nexus.rapture.internal.RaptureWebResourceBundle -   nexus-proui-plugin
2020-02-25 02:44:45,273+0000 INFO  [jetty-main-1]  *SYSTEM org.sonatype.nexus.rapture.internal.RaptureWebResourceBundle -   nexus-repository-helm
2020-02-25 02:44:45,274+0000 INFO  [jetty-main-1]  *SYSTEM org.sonatype.nexus.rapture.internal.RaptureWebResourceBundle -   nexus-repository-p2
2020-02-25 02:44:45,274+0000 INFO  [jetty-main-1]  *SYSTEM org.sonatype.nexus.rapture.internal.RaptureWebResourceBundle -   nexus-repository-r
2020-02-25 02:44:45,275+0000 INFO  [jetty-main-1]  *SYSTEM org.sonatype.nexus.rapture.internal.RaptureWebResourceBundle -   nexus-repository-maven
2020-02-25 02:44:45,275+0000 INFO  [quartz-3-thread-3]  *SYSTEM org.sonatype.nexus.cleanup.internal.task.CleanupTask - Task log: /nexus-data/log/tasks/repository.cleanup-20200225024445145.log
2020-02-25 02:44:45,275+0000 INFO  [quartz-3-thread-2]  *SYSTEM org.sonatype.nexus.tasklog.TaskLogCleanup - Cleaning up log files in /nexus-data/log/tasks older than 30 days
2020-02-25 02:44:45,276+0000 INFO  [jetty-main-1]  *SYSTEM org.sonatype.nexus.rapture.internal.RaptureWebResourceBundle -   nexus-onboarding-plugin
2020-02-25 02:44:45,276+0000 INFO  [jetty-main-1]  *SYSTEM org.sonatype.nexus.rapture.internal.RaptureWebResourceBundle -   nexus-repository-nuget
2020-02-25 02:44:45,277+0000 INFO  [jetty-main-1]  *SYSTEM org.sonatype.nexus.rapture.internal.RaptureWebResourceBundle -   nexus-repository-npm
2020-02-25 02:44:45,277+0000 INFO  [quartz-3-thread-1]  *SYSTEM org.sonatype.nexus.repository.search.RebuildIndexTask - Task log: /nexus-data/log/tasks/repository.rebuild-index-20200225024445113.log
2020-02-25 02:44:45,277+0000 INFO  [jetty-main-1]  *SYSTEM org.sonatype.nexus.rapture.internal.RaptureWebResourceBundle -   nexus-repository-rubygems
2020-02-25 02:44:45,279+0000 INFO  [jetty-main-1]  *SYSTEM org.sonatype.nexus.rapture.internal.RaptureWebResourceBundle -   nexus-repository-pypi
2020-02-25 02:44:45,280+0000 INFO  [jetty-main-1]  *SYSTEM org.sonatype.nexus.rapture.internal.RaptureWebResourceBundle -   nexus-repository-docker
2020-02-25 02:44:45,283+0000 INFO  [quartz-3-thread-1]  *SYSTEM org.sonatype.nexus.repository.search.SearchFacetImpl - Rebuilding index of repository maven-snapshots
2020-02-25 02:44:45,284+0000 INFO  [jetty-main-1]  *SYSTEM org.sonatype.nexus.rapture.internal.RaptureWebResourceBundle -   nexus-analytics-plugin
2020-02-25 02:44:45,293+0000 INFO  [jetty-main-1]  *SYSTEM org.sonatype.nexus.internal.webresources.WebResourceServlet - Max-age: 30 days (2592000 seconds)
2020-02-25 02:44:45,337+0000 INFO  [quartz-3-thread-3]  *SYSTEM org.sonatype.nexus.quartz.internal.task.QuartzTaskInfo - Task 'Cleanup service' [repository.cleanup] state change RUNNING -> WAITING (OK)
2020-02-25 02:44:45,394+0000 INFO  [quartz-3-thread-2]  *SYSTEM org.sonatype.nexus.quartz.internal.task.QuartzTaskInfo - Task 'Task log cleanup' [tasklog.cleanup] state change RUNNING -> WAITING (OK)
2020-02-25 02:44:45,740+0000 INFO  [quartz-3-thread-4]  *SYSTEM org.sonatype.nexus.quartz.internal.task.QuartzTaskInfo - Task 'Storage facet cleanup' [repository.storage-facet-cleanup] state change RUNNING -> WAITING (OK)
2020-02-25 02:44:45,767+0000 INFO  [elasticsearch[7EE9C519-A431C6DF-22FB715B-8880F26B-BE11D9D9][clusterService#updateTask][T#1]]  *SYSTEM org.elasticsearch.cluster.metadata - [7EE9C519-A431C6DF-22FB715B-8880F26B-BE11D9D9] [2e9a1e67e8a325bcd6ee9f6790ff6c769e791d56] creating index, cause [api], templates [], shards [1]/[0], mappings [component]
2020-02-25 02:44:45,767+0000 INFO  [jetty-main-1]  *SYSTEM com.softwarementors.extjs.djn.servlet.DirectJNgineServlet - Servlet GLOBAL configuration: debug=false, providersUrl=service/extdirect, minify=false, batchRequestsMultithreadingEnabled=true, batchRequestsMinThreadsPoolSize=16, batchRequestsMaxThreadsPoolSize=80, batchRequestsMaxThreadsPerRequest=8, batchRequestsMaxThreadKeepAliveSeconds=60, gsonBuilderConfiguratorClass=org.sonatype.nexus.extdirect.internal.ExtDirectGsonBuilderConfigurator, dispatcherClass=com.softwarementors.extjs.djn.servlet.ssm.SsmDispatcher, jsonRequestProcessorThreadClass=org.sonatype.nexus.extdirect.internal.ExtDirectJsonRequestProcessorThread, contextPath=--not specified: calculated via Javascript--, createSourceFiles=true
2020-02-25 02:44:45,769+0000 INFO  [jetty-main-1]  *SYSTEM com.softwarementors.extjs.djn.servlet.DirectJNgineServlet - Servlet GLOBAL configuration: registryConfiguratorClass=
2020-02-25 02:44:45,937+0000 INFO  [jetty-main-1]  *SYSTEM com.softwarementors.extjs.djn.jscodegen.CodeFileGenerator - Creating source files for APIs...
2020-02-25 02:44:46,183+0000 INFO  [quartz-3-thread-1]  *SYSTEM org.sonatype.nexus.repository.search.SearchFacetImpl - Rebuilding index of repository maven-central
2020-02-25 02:44:46,213+0000 INFO  [elasticsearch[7EE9C519-A431C6DF-22FB715B-8880F26B-BE11D9D9][clusterService#updateTask][T#1]]  *SYSTEM org.elasticsearch.cluster.metadata - [7EE9C519-A431C6DF-22FB715B-8880F26B-BE11D9D9] [73ae44bc066b6a7a33b4435641d8229b9b66495a] creating index, cause [api], templates [], shards [1]/[0], mappings [component]
2020-02-25 02:44:46,397+0000 INFO  [quartz-3-thread-1]  *SYSTEM org.sonatype.nexus.repository.search.SearchFacetImpl - Rebuilding index of repository nuget.org-proxy
2020-02-25 02:44:46,613+0000 INFO  [elasticsearch[7EE9C519-A431C6DF-22FB715B-8880F26B-BE11D9D9][clusterService#updateTask][T#1]]  *SYSTEM org.elasticsearch.cluster.metadata - [7EE9C519-A431C6DF-22FB715B-8880F26B-BE11D9D9] [51196dce51055df9247e1973e443b68c84549dd9] creating index, cause [api], templates [], shards [1]/[0], mappings [component]
2020-02-25 02:44:46,782+0000 INFO  [quartz-3-thread-1]  *SYSTEM org.sonatype.nexus.repository.search.SearchFacetImpl - Rebuilding index of repository maven-releases
2020-02-25 02:44:46,936+0000 INFO  [elasticsearch[7EE9C519-A431C6DF-22FB715B-8880F26B-BE11D9D9][clusterService#updateTask][T#1]]  *SYSTEM org.elasticsearch.cluster.metadata - [7EE9C519-A431C6DF-22FB715B-8880F26B-BE11D9D9] [3d781e8165513bfe7db3d7eaab3991b9ebec763b] creating index, cause [api], templates [], shards [1]/[0], mappings [component]
2020-02-25 02:44:47,082+0000 INFO  [jetty-main-1]  *SYSTEM org.sonatype.nexus.siesta.SiestaServlet - JAX-RS RuntimeDelegate: org.sonatype.nexus.siesta.internal.resteasy.SisuResteasyProviderFactory@38dfed1f
2020-02-25 02:44:47,115+0000 INFO  [quartz-3-thread-1]  *SYSTEM org.sonatype.nexus.repository.search.SearchFacetImpl - Rebuilding index of repository nuget-hosted
2020-02-25 02:44:47,584+0000 INFO  [elasticsearch[7EE9C519-A431C6DF-22FB715B-8880F26B-BE11D9D9][clusterService#updateTask][T#1]]  *SYSTEM org.elasticsearch.cluster.metadata - [7EE9C519-A431C6DF-22FB715B-8880F26B-BE11D9D9] [b2b9b8f06274052a44b61ef3c7e887f0961d99c6] creating index, cause [api], templates [], shards [1]/[0], mappings [component]
2020-02-25 02:44:48,290+0000 INFO  [jetty-main-1]  *SYSTEM org.jboss.resteasy.plugins.validation.i18n - RESTEASY008550: Unable to find CDI supporting ValidatorFactory. Using default ValidatorFactory
2020-02-25 02:44:48,495+0000 INFO  [quartz-3-thread-1]  *SYSTEM org.sonatype.nexus.quartz.internal.task.QuartzTaskInfo - Task 'Repair - Rebuild repository search' [repository.rebuild-index] state change RUNNING -> OK
2020-02-25 02:44:48,869+0000 INFO  [elasticsearch[7EE9C519-A431C6DF-22FB715B-8880F26B-BE11D9D9][clusterService#updateTask][T#1]]  *SYSTEM org.elasticsearch.cluster.routing.allocation - [7EE9C519-A431C6DF-22FB715B-8880F26B-BE11D9D9] Cluster health status changed from [RED] to [GREEN] (reason: [shards started [[b2b9b8f06274052a44b61ef3c7e887f0961d99c6][0]] ...]).
2020-02-25 02:44:50,736+0000 INFO  [jetty-main-1]  *SYSTEM org.sonatype.nexus.siesta.SiestaServlet - Initialized
2020-02-25 02:44:50,740+0000 INFO  [jetty-main-1]  *SYSTEM org.sonatype.nexus.repository.httpbridge.internal.ViewServlet - Initialized
2020-02-25 02:44:51,272+0000 INFO  [jetty-main-1]  *SYSTEM org.eclipse.jetty.server.handler.ContextHandler - Started o.e.j.w.WebAppContext@7d6db191{Sonatype Nexus,/,file:///opt/sonatype/nexus/public/,AVAILABLE}
2020-02-25 02:44:51,677+0000 INFO  [jetty-main-1]  *SYSTEM org.eclipse.jetty.server.AbstractConnector - Started ServerConnector@5945ded6{HTTP/1.1,[http/1.1]}{0.0.0.0:8081}
2020-02-25 02:44:51,677+0000 INFO  [jetty-main-1]  *SYSTEM org.eclipse.jetty.server.Server - Started @169146ms
2020-02-25 02:44:51,678+0000 INFO  [jetty-main-1]  *SYSTEM org.sonatype.nexus.bootstrap.jetty.JettyServer - 
-------------------------------------------------

Started Sonatype Nexus OSS 3.21.1-01

-------------------------------------------------
2020-02-25 02:49:02,018+0000 WARN  [SIGTERM handler]  *SYSTEM com.orientechnologies.orient.core.OSignalHandler - Received signal: SIGTERM
2020-02-25 02:49:02,293+0000 INFO  [FelixStartLevel]  *SYSTEM org.sonatype.nexus.repository.httpbridge.internal.ViewServlet - Destroyed
2020-02-25 02:49:02,294+0000 INFO  [FelixStartLevel]  *SYSTEM org.sonatype.nexus.siesta.SiestaServlet - Destroyed
2020-02-25 02:49:02,446+0000 INFO  [FelixStartLevel]  *SYSTEM org.sonatype.nexus.extender.NexusContextListener - Uptime: 6 minutes, 59 seconds and 763 milliseconds (nexus-oss-edition/3.21.1.01)
2020-02-25 02:49:02,447+0000 INFO  [FelixStartLevel]  *SYSTEM org.sonatype.nexus.extender.NexusLifecycleManager - Shutting down
2020-02-25 02:49:02,447+0000 INFO  [FelixStartLevel]  *SYSTEM org.sonatype.nexus.extender.NexusLifecycleManager - Stop TASKS
2020-02-25 02:49:02,500+0000 INFO  [FelixStartLevel]  *SYSTEM org.sonatype.nexus.quartz.internal.QuartzSchedulerSPI - Scheduler put into stand-by mode
2020-02-25 02:49:02,502+0000 INFO  [FelixStartLevel]  *SYSTEM org.sonatype.nexus.extender.NexusLifecycleManager - Stop CAPABILITIES
2020-02-25 02:49:02,567+0000 INFO  [FelixStartLevel]  *SYSTEM org.sonatype.nexus.extender.NexusLifecycleManager - Stop SERVICES
2020-02-25 02:49:03,220+0000 INFO  [FelixStartLevel]  *SYSTEM org.sonatype.nexus.extender.NexusLifecycleManager - Stop SECURITY
2020-02-25 02:49:03,256+0000 INFO  [FelixStartLevel]  *SYSTEM org.sonatype.nexus.extender.NexusLifecycleManager - Stop EVENTS
2020-02-25 02:49:03,256+0000 INFO  [FelixStartLevel]  *SYSTEM org.sonatype.nexus.extender.NexusLifecycleManager - Stop SCHEMAS
2020-02-25 02:49:03,259+0000 INFO  [FelixStartLevel]  *SYSTEM org.sonatype.nexus.extender.NexusLifecycleManager - Stop UPGRADE
2020-02-25 02:49:03,259+0000 INFO  [FelixStartLevel]  *SYSTEM org.sonatype.nexus.extender.NexusLifecycleManager - Stop RESTORE
2020-02-25 02:49:03,259+0000 INFO  [FelixStartLevel]  *SYSTEM org.sonatype.nexus.extender.NexusLifecycleManager - Stop STORAGE
2020-02-25 02:49:03,260+0000 INFO  [FelixStartLevel]  *SYSTEM org.ehcache.core.EhcacheManager - Cache 'nuget-group#odata-query-cache' removed from EhcacheManager.
2020-02-25 02:49:03,261+0000 INFO  [FelixStartLevel]  *SYSTEM org.ehcache.core.EhcacheManager - Cache 'NexusAuthenticatingRealm.authenticationCache' removed from EhcacheManager.
2020-02-25 02:49:03,261+0000 INFO  [FelixStartLevel]  *SYSTEM org.ehcache.core.EhcacheManager - Cache 'NexusAuthorizingRealm.authorizationCache' removed from EhcacheManager.
2020-02-25 02:49:03,262+0000 INFO  [FelixStartLevel]  *SYSTEM org.ehcache.core.EhcacheManager - Cache 'nugetV3ServiceIndexCache' removed from EhcacheManager.
2020-02-25 02:49:03,263+0000 INFO  [FelixStartLevel]  *SYSTEM org.ehcache.core.EhcacheManager - Cache 'maven-central#negative-cache' removed from EhcacheManager.
2020-02-25 02:49:03,263+0000 INFO  [FelixStartLevel]  *SYSTEM org.ehcache.core.EhcacheManager - Cache 'nuget.org-proxy#odata-query-cache' removed from EhcacheManager.
2020-02-25 02:49:03,264+0000 INFO  [FelixStartLevel]  *SYSTEM org.ehcache.core.EhcacheManager - Cache 'nuget.org-proxy#negative-cache' removed from EhcacheManager.
2020-02-25 02:49:03,307+0000 INFO  [FelixStartLevel]  *SYSTEM org.sonatype.nexus.cache.internal.ehcache.EhCacheManagerProvider - Cache-manager closed
2020-02-25 02:49:03,308+0000 INFO  [FelixStartLevel]  *SYSTEM org.elasticsearch.node - [7EE9C519-A431C6DF-22FB715B-8880F26B-BE11D9D9] stopping ...
2020-02-25 02:49:03,316+0000 INFO  [FelixStartLevel]  *SYSTEM org.elasticsearch.node - [7EE9C519-A431C6DF-22FB715B-8880F26B-BE11D9D9] stopped
2020-02-25 02:49:03,316+0000 INFO  [FelixStartLevel]  *SYSTEM org.elasticsearch.node - [7EE9C519-A431C6DF-22FB715B-8880F26B-BE11D9D9] closing ...
2020-02-25 02:49:03,357+0000 INFO  [FelixStartLevel]  *SYSTEM org.elasticsearch.node - [7EE9C519-A431C6DF-22FB715B-8880F26B-BE11D9D9] closed
2020-02-25 02:49:03,403+0000 INFO  [FelixStartLevel]  *SYSTEM org.sonatype.nexus.internal.orient.DatabaseManagerImpl - Stopping 3 pools
2020-02-25 02:49:03,404+0000 INFO  [FelixStartLevel]  *SYSTEM org.sonatype.nexus.internal.orient.DatabaseManagerImpl - Stopping pool: security
2020-02-25 02:49:03,404+0000 INFO  [FelixStartLevel]  *SYSTEM org.sonatype.nexus.internal.orient.DatabaseManagerImpl - Stopping pool: component
2020-02-25 02:49:03,404+0000 INFO  [FelixStartLevel]  *SYSTEM org.sonatype.nexus.internal.orient.DatabaseManagerImpl - Stopping pool: config
2020-02-25 02:49:03,405+0000 INFO  [FelixStartLevel]  *SYSTEM org.sonatype.nexus.internal.orient.DatabaseServerImpl$1 - OrientDB Server is shutting down...
2020-02-25 02:49:03,405+0000 INFO  [FelixStartLevel]  *SYSTEM org.sonatype.nexus.internal.orient.DatabaseServerImpl$1 - Shutting down protocols
2020-02-25 02:49:03,406+0000 INFO  [FelixStartLevel]  *SYSTEM com.orientechnologies.orient.server.plugin.OServerPluginManager - Shutting down plugins:
2020-02-25 02:49:03,406+0000 INFO  [FelixStartLevel]  *SYSTEM com.orientechnologies.orient.server.plugin.OServerPluginManager - - jmx
2020-02-25 02:49:03,406+0000 INFO  [FelixStartLevel]  *SYSTEM org.sonatype.nexus.internal.orient.DatabaseServerImpl$1 - OrientDB Server shutdown complete
2020-02-25 02:49:03,407+0000 INFO  [FelixStartLevel]  *SYSTEM com.orientechnologies.orient.core.Orient - Orient Engine is shutting down...
2020-02-25 02:49:03,432+0000 INFO  [FelixStartLevel]  *SYSTEM com.orientechnologies.orient.core.Orient - - shutdown storage: security...
2020-02-25 02:49:07,315+0000 INFO  [FelixStartLevel]  *SYSTEM com.orientechnologies.orient.core.Orient - - shutdown storage: component...
2020-02-25 02:49:08,072+0000 INFO  [FelixStartLevel]  *SYSTEM com.orientechnologies.orient.core.Orient - - shutdown storage: config...
